{"/Users/jeff/src/Sankey_block_explorer/postcss.config.js": {"path":"/Users/jeff/src/Sankey_block_explorer/postcss.config.js","all":true,"statementMap":{"0":{"start":{"line":1,"column":0},"end":{"line":1,"column":16}},"1":{"start":{"line":2,"column":0},"end":{"line":2,"column":12}},"2":{"start":{"line":3,"column":0},"end":{"line":3,"column":20}},"3":{"start":{"line":4,"column":0},"end":{"line":4,"column":21}},"4":{"start":{"line":5,"column":0},"end":{"line":5,"column":4}},"5":{"start":{"line":6,"column":0},"end":{"line":6,"column":1}}},"s":{"0":0,"1":0,"2":0,"3":0,"4":0,"5":0},"branchMap":{"0":{"type":"branch","line":1,"loc":{"start":{"line":1,"column":0},"end":{"line":6,"column":-11}},"locations":[{"start":{"line":1,"column":0},"end":{"line":6,"column":-11}}]}},"b":{"0":[0]},"fnMap":{"0":{"name":"(empty-report)","decl":{"start":{"line":1,"column":0},"end":{"line":6,"column":-11}},"loc":{"start":{"line":1,"column":0},"end":{"line":6,"column":-11}},"line":1}},"f":{"0":0}}
,"/Users/jeff/src/Sankey_block_explorer/tailwind.config.js": {"path":"/Users/jeff/src/Sankey_block_explorer/tailwind.config.js","all":true,"statementMap":{"0":{"start":{"line":1,"column":0},"end":{"line":1,"column":43}},"1":{"start":{"line":2,"column":0},"end":{"line":2,"column":16}},"2":{"start":{"line":3,"column":0},"end":{"line":3,"column":12}},"3":{"start":{"line":4,"column":0},"end":{"line":4,"column":19}},"4":{"start":{"line":5,"column":0},"end":{"line":5,"column":33}},"5":{"start":{"line":6,"column":0},"end":{"line":6,"column":4}},"6":{"start":{"line":7,"column":0},"end":{"line":7,"column":10}},"7":{"start":{"line":8,"column":0},"end":{"line":8,"column":13}},"8":{"start":{"line":9,"column":0},"end":{"line":9,"column":15}},"9":{"start":{"line":10,"column":0},"end":{"line":10,"column":18}},"10":{"start":{"line":11,"column":0},"end":{"line":11,"column":24}},"11":{"start":{"line":12,"column":0},"end":{"line":12,"column":25}},"12":{"start":{"line":13,"column":0},"end":{"line":13,"column":25}},"13":{"start":{"line":14,"column":0},"end":{"line":14,"column":25}},"14":{"start":{"line":15,"column":0},"end":{"line":15,"column":25}},"15":{"start":{"line":16,"column":0},"end":{"line":16,"column":25}},"16":{"start":{"line":17,"column":0},"end":{"line":17,"column":25}},"17":{"start":{"line":18,"column":0},"end":{"line":18,"column":25}},"18":{"start":{"line":19,"column":0},"end":{"line":19,"column":25}},"19":{"start":{"line":20,"column":0},"end":{"line":20,"column":25}},"20":{"start":{"line":21,"column":0},"end":{"line":21,"column":25}},"21":{"start":{"line":22,"column":0},"end":{"line":22,"column":10}},"22":{"start":{"line":23,"column":0},"end":{"line":23,"column":20}},"23":{"start":{"line":24,"column":0},"end":{"line":24,"column":24}},"24":{"start":{"line":25,"column":0},"end":{"line":25,"column":25}},"25":{"start":{"line":26,"column":0},"end":{"line":26,"column":25}},"26":{"start":{"line":27,"column":0},"end":{"line":27,"column":25}},"27":{"start":{"line":28,"column":0},"end":{"line":28,"column":25}},"28":{"start":{"line":29,"column":0},"end":{"line":29,"column":25}},"29":{"start":{"line":30,"column":0},"end":{"line":30,"column":25}},"30":{"start":{"line":31,"column":0},"end":{"line":31,"column":25}},"31":{"start":{"line":32,"column":0},"end":{"line":32,"column":25}},"32":{"start":{"line":33,"column":0},"end":{"line":33,"column":25}},"33":{"start":{"line":34,"column":0},"end":{"line":34,"column":25}},"34":{"start":{"line":35,"column":0},"end":{"line":35,"column":10}},"35":{"start":{"line":36,"column":0},"end":{"line":36,"column":8}},"36":{"start":{"line":37,"column":0},"end":{"line":37,"column":24}},"37":{"start":{"line":38,"column":0},"end":{"line":38,"column":71}},"38":{"start":{"line":39,"column":0},"end":{"line":39,"column":93}},"39":{"start":{"line":40,"column":0},"end":{"line":40,"column":8}},"40":{"start":{"line":41,"column":0},"end":{"line":41,"column":6}},"41":{"start":{"line":42,"column":0},"end":{"line":42,"column":4}},"42":{"start":{"line":43,"column":0},"end":{"line":43,"column":14}},"43":{"start":{"line":44,"column":0},"end":{"line":44,"column":1}}},"s":{"0":0,"1":0,"2":0,"3":0,"4":0,"5":0,"6":0,"7":0,"8":0,"9":0,"10":0,"11":0,"12":0,"13":0,"14":0,"15":0,"16":0,"17":0,"18":0,"19":0,"20":0,"21":0,"22":0,"23":0,"24":0,"25":0,"26":0,"27":0,"28":0,"29":0,"30":0,"31":0,"32":0,"33":0,"34":0,"35":0,"36":0,"37":0,"38":0,"39":0,"40":0,"41":0,"42":0,"43":0},"branchMap":{"0":{"type":"branch","line":1,"loc":{"start":{"line":1,"column":0},"end":{"line":44,"column":-13}},"locations":[{"start":{"line":1,"column":0},"end":{"line":44,"column":-13}}]}},"b":{"0":[0]},"fnMap":{"0":{"name":"(empty-report)","decl":{"start":{"line":1,"column":0},"end":{"line":44,"column":-13}},"loc":{"start":{"line":1,"column":0},"end":{"line":44,"column":-13}},"line":1}},"f":{"0":0}}
,"/Users/jeff/src/Sankey_block_explorer/src/App.tsx": {"path":"/Users/jeff/src/Sankey_block_explorer/src/App.tsx","all":false,"statementMap":{"0":{"start":{"line":1,"column":0},"end":{"line":1,"column":57}},"1":{"start":{"line":2,"column":0},"end":{"line":2,"column":84}},"2":{"start":{"line":3,"column":0},"end":{"line":3,"column":19}},"3":{"start":{"line":4,"column":0},"end":{"line":4,"column":32}},"4":{"start":{"line":5,"column":0},"end":{"line":5,"column":44}},"5":{"start":{"line":6,"column":0},"end":{"line":6,"column":44}},"6":{"start":{"line":7,"column":0},"end":{"line":7,"column":32}},"7":{"start":{"line":8,"column":0},"end":{"line":8,"column":46}},"8":{"start":{"line":9,"column":0},"end":{"line":9,"column":94}},"16":{"start":{"line":17,"column":0},"end":{"line":17,"column":16}},"17":{"start":{"line":18,"column":0},"end":{"line":18,"column":48}},"18":{"start":{"line":19,"column":0},"end":{"line":19,"column":58}},"19":{"start":{"line":20,"column":0},"end":{"line":20,"column":110}},"20":{"start":{"line":21,"column":0},"end":{"line":21,"column":16}},"21":{"start":{"line":22,"column":0},"end":{"line":22,"column":18}},"22":{"start":{"line":23,"column":0},"end":{"line":23,"column":19}},"23":{"start":{"line":24,"column":0},"end":{"line":24,"column":17}},"24":{"start":{"line":25,"column":0},"end":{"line":25,"column":22}},"25":{"start":{"line":26,"column":0},"end":{"line":26,"column":6}},"26":{"start":{"line":27,"column":0},"end":{"line":27,"column":5}},"28":{"start":{"line":29,"column":0},"end":{"line":29,"column":45}},"29":{"start":{"line":30,"column":0},"end":{"line":30,"column":21}},"30":{"start":{"line":31,"column":0},"end":{"line":31,"column":19}},"31":{"start":{"line":32,"column":0},"end":{"line":32,"column":9}},"32":{"start":{"line":33,"column":0},"end":{"line":33,"column":49}},"33":{"start":{"line":34,"column":0},"end":{"line":34,"column":49}},"34":{"start":{"line":35,"column":0},"end":{"line":35,"column":47}},"35":{"start":{"line":36,"column":0},"end":{"line":36,"column":43}},"36":{"start":{"line":37,"column":0},"end":{"line":37,"column":20}},"37":{"start":{"line":38,"column":0},"end":{"line":38,"column":18}},"38":{"start":{"line":39,"column":0},"end":{"line":39,"column":23}},"39":{"start":{"line":40,"column":0},"end":{"line":40,"column":8}},"42":{"start":{"line":43,"column":0},"end":{"line":43,"column":93}},"43":{"start":{"line":44,"column":0},"end":{"line":44,"column":13}},"44":{"start":{"line":45,"column":0},"end":{"line":45,"column":51}},"45":{"start":{"line":46,"column":0},"end":{"line":46,"column":32}},"48":{"start":{"line":49,"column":0},"end":{"line":49,"column":48}},"49":{"start":{"line":50,"column":0},"end":{"line":50,"column":43}},"50":{"start":{"line":51,"column":0},"end":{"line":51,"column":53}},"51":{"start":{"line":52,"column":0},"end":{"line":52,"column":41}},"52":{"start":{"line":53,"column":0},"end":{"line":53,"column":59}},"53":{"start":{"line":54,"column":0},"end":{"line":54,"column":47}},"54":{"start":{"line":55,"column":0},"end":{"line":55,"column":11}},"55":{"start":{"line":56,"column":0},"end":{"line":56,"column":30}},"56":{"start":{"line":57,"column":0},"end":{"line":57,"column":69}},"57":{"start":{"line":58,"column":0},"end":{"line":58,"column":9}},"58":{"start":{"line":59,"column":0},"end":{"line":59,"column":7}},"61":{"start":{"line":62,"column":0},"end":{"line":62,"column":82}},"62":{"start":{"line":63,"column":0},"end":{"line":63,"column":68}},"64":{"start":{"line":65,"column":0},"end":{"line":65,"column":55}},"65":{"start":{"line":66,"column":0},"end":{"line":66,"column":19}},"66":{"start":{"line":67,"column":0},"end":{"line":67,"column":60}},"67":{"start":{"line":68,"column":0},"end":{"line":68,"column":104}},"68":{"start":{"line":69,"column":0},"end":{"line":69,"column":15}},"69":{"start":{"line":70,"column":0},"end":{"line":70,"column":24}},"70":{"start":{"line":71,"column":0},"end":{"line":71,"column":5}},"71":{"start":{"line":72,"column":0},"end":{"line":72,"column":9}},"73":{"start":{"line":74,"column":0},"end":{"line":74,"column":31}},"74":{"start":{"line":75,"column":0},"end":{"line":75,"column":16}},"75":{"start":{"line":76,"column":0},"end":{"line":76,"column":4}},"77":{"start":{"line":78,"column":0},"end":{"line":78,"column":19}},"78":{"start":{"line":79,"column":0},"end":{"line":79,"column":36}},"79":{"start":{"line":80,"column":0},"end":{"line":80,"column":18}},"80":{"start":{"line":81,"column":0},"end":{"line":81,"column":5}},"81":{"start":{"line":82,"column":0},"end":{"line":82,"column":44}},"84":{"start":{"line":85,"column":0},"end":{"line":85,"column":33}},"85":{"start":{"line":86,"column":0},"end":{"line":86,"column":5}},"86":{"start":{"line":87,"column":0},"end":{"line":87,"column":16}},"87":{"start":{"line":88,"column":0},"end":{"line":88,"column":16}},"88":{"start":{"line":89,"column":0},"end":{"line":89,"column":126}},"89":{"start":{"line":90,"column":0},"end":{"line":90,"column":48}},"90":{"start":{"line":91,"column":0},"end":{"line":91,"column":82}},"91":{"start":{"line":92,"column":0},"end":{"line":92,"column":21}},"92":{"start":{"line":93,"column":0},"end":{"line":93,"column":40}},"93":{"start":{"line":94,"column":0},"end":{"line":94,"column":48}},"94":{"start":{"line":95,"column":0},"end":{"line":95,"column":31}},"95":{"start":{"line":96,"column":0},"end":{"line":96,"column":14}},"96":{"start":{"line":97,"column":0},"end":{"line":97,"column":16}},"97":{"start":{"line":98,"column":0},"end":{"line":98,"column":21}},"99":{"start":{"line":100,"column":0},"end":{"line":100,"column":6}},"100":{"start":{"line":101,"column":0},"end":{"line":101,"column":5}},"101":{"start":{"line":102,"column":0},"end":{"line":102,"column":22}},"102":{"start":{"line":103,"column":0},"end":{"line":103,"column":16}},"103":{"start":{"line":104,"column":0},"end":{"line":104,"column":126}},"104":{"start":{"line":105,"column":0},"end":{"line":105,"column":48}},"105":{"start":{"line":106,"column":0},"end":{"line":106,"column":82}},"106":{"start":{"line":107,"column":0},"end":{"line":107,"column":24}},"107":{"start":{"line":108,"column":0},"end":{"line":108,"column":41}},"108":{"start":{"line":109,"column":0},"end":{"line":109,"column":48}},"109":{"start":{"line":110,"column":0},"end":{"line":110,"column":31}},"110":{"start":{"line":111,"column":0},"end":{"line":111,"column":14}},"111":{"start":{"line":112,"column":0},"end":{"line":112,"column":16}},"112":{"start":{"line":113,"column":0},"end":{"line":113,"column":21}},"114":{"start":{"line":115,"column":0},"end":{"line":115,"column":6}},"115":{"start":{"line":116,"column":0},"end":{"line":116,"column":5}},"116":{"start":{"line":117,"column":0},"end":{"line":117,"column":20}},"117":{"start":{"line":118,"column":0},"end":{"line":118,"column":23}},"118":{"start":{"line":119,"column":0},"end":{"line":119,"column":5}},"119":{"start":{"line":120,"column":0},"end":{"line":120,"column":4}},"123":{"start":{"line":124,"column":0},"end":{"line":124,"column":46}},"124":{"start":{"line":125,"column":0},"end":{"line":125,"column":13}},"125":{"start":{"line":126,"column":0},"end":{"line":126,"column":31}},"126":{"start":{"line":127,"column":0},"end":{"line":127,"column":32}},"128":{"start":{"line":129,"column":0},"end":{"line":129,"column":65}},"129":{"start":{"line":130,"column":0},"end":{"line":130,"column":5}},"131":{"start":{"line":132,"column":0},"end":{"line":132,"column":44}},"132":{"start":{"line":133,"column":0},"end":{"line":133,"column":1}},"134":{"start":{"line":135,"column":0},"end":{"line":135,"column":19}}},"s":{"0":1,"1":1,"2":1,"3":1,"4":1,"5":1,"6":1,"7":1,"8":1,"16":18,"17":18,"18":18,"19":18,"20":18,"21":18,"22":18,"23":18,"24":18,"25":18,"26":18,"28":18,"29":6,"30":6,"31":6,"32":6,"33":6,"34":5,"35":5,"36":5,"37":5,"38":5,"39":5,"42":6,"43":15,"44":15,"45":14,"48":15,"49":5,"50":15,"51":5,"52":9,"53":4,"54":4,"55":15,"56":1,"57":1,"58":15,"61":5,"62":5,"64":5,"65":6,"66":1,"67":1,"68":6,"69":6,"70":6,"71":18,"73":18,"74":0,"75":0,"77":18,"78":11,"79":6,"80":6,"81":18,"84":18,"85":18,"86":18,"87":18,"88":18,"89":18,"90":18,"91":18,"92":18,"93":18,"94":18,"95":18,"96":18,"97":18,"99":18,"100":18,"101":18,"102":18,"103":18,"104":18,"105":18,"106":18,"107":18,"108":18,"109":18,"110":18,"111":18,"112":18,"114":18,"115":18,"116":18,"117":18,"118":18,"119":18,"123":18,"124":18,"125":18,"126":18,"128":18,"129":18,"131":18,"132":18,"134":1},"branchMap":{"0":{"type":"branch","line":17,"loc":{"start":{"line":17,"column":0},"end":{"line":133,"column":1}},"locations":[{"start":{"line":17,"column":0},"end":{"line":133,"column":1}}]},"1":{"type":"branch","line":91,"loc":{"start":{"line":91,"column":13},"end":{"line":91,"column":82}},"locations":[{"start":{"line":91,"column":13},"end":{"line":91,"column":82}}]},"2":{"type":"branch","line":106,"loc":{"start":{"line":106,"column":13},"end":{"line":106,"column":82}},"locations":[{"start":{"line":106,"column":13},"end":{"line":106,"column":82}}]},"3":{"type":"branch","line":29,"loc":{"start":{"line":29,"column":32},"end":{"line":72,"column":5}},"locations":[{"start":{"line":29,"column":32},"end":{"line":72,"column":5}}]},"4":{"type":"branch","line":34,"loc":{"start":{"line":34,"column":47},"end":{"line":43,"column":92}},"locations":[{"start":{"line":34,"column":47},"end":{"line":43,"column":92}}]},"5":{"type":"branch","line":43,"loc":{"start":{"line":43,"column":92},"end":{"line":59,"column":7}},"locations":[{"start":{"line":43,"column":92},"end":{"line":59,"column":7}}]},"6":{"type":"branch","line":45,"loc":{"start":{"line":45,"column":49},"end":{"line":49,"column":47}},"locations":[{"start":{"line":45,"column":49},"end":{"line":49,"column":47}}]},"7":{"type":"branch","line":49,"loc":{"start":{"line":49,"column":47},"end":{"line":51,"column":21}},"locations":[{"start":{"line":49,"column":47},"end":{"line":51,"column":21}}]},"8":{"type":"branch","line":51,"loc":{"start":{"line":51,"column":10},"end":{"line":55,"column":11}},"locations":[{"start":{"line":51,"column":10},"end":{"line":55,"column":11}}]},"9":{"type":"branch","line":51,"loc":{"start":{"line":51,"column":52},"end":{"line":53,"column":21}},"locations":[{"start":{"line":51,"column":52},"end":{"line":53,"column":21}}]},"10":{"type":"branch","line":53,"loc":{"start":{"line":53,"column":10},"end":{"line":55,"column":11}},"locations":[{"start":{"line":53,"column":10},"end":{"line":55,"column":11}}]},"11":{"type":"branch","line":56,"loc":{"start":{"line":56,"column":8},"end":{"line":58,"column":9}},"locations":[{"start":{"line":56,"column":8},"end":{"line":58,"column":9}}]},"12":{"type":"branch","line":59,"loc":{"start":{"line":59,"column":6},"end":{"line":66,"column":13}},"locations":[{"start":{"line":59,"column":6},"end":{"line":66,"column":13}}]},"13":{"type":"branch","line":66,"loc":{"start":{"line":66,"column":4},"end":{"line":69,"column":6}},"locations":[{"start":{"line":66,"column":4},"end":{"line":69,"column":6}}]},"14":{"type":"branch","line":68,"loc":{"start":{"line":68,"column":42},"end":{"line":68,"column":102}},"locations":[{"start":{"line":68,"column":42},"end":{"line":68,"column":102}}]},"15":{"type":"branch","line":62,"loc":{"start":{"line":62,"column":21},"end":{"line":62,"column":80}},"locations":[{"start":{"line":62,"column":21},"end":{"line":62,"column":80}}]},"16":{"type":"branch","line":78,"loc":{"start":{"line":78,"column":12},"end":{"line":82,"column":5}},"locations":[{"start":{"line":78,"column":12},"end":{"line":82,"column":5}}]},"17":{"type":"branch","line":79,"loc":{"start":{"line":79,"column":35},"end":{"line":81,"column":5}},"locations":[{"start":{"line":79,"column":35},"end":{"line":81,"column":5}}]}},"b":{"0":[18],"1":[1],"2":[1],"3":[6],"4":[5],"5":[15],"6":[14],"7":[5],"8":[9],"9":[5],"10":[4],"11":[1],"12":[5],"13":[1],"14":[0],"15":[17],"16":[11],"17":[6]},"fnMap":{"0":{"name":"App","decl":{"start":{"line":17,"column":0},"end":{"line":133,"column":1}},"loc":{"start":{"line":17,"column":0},"end":{"line":133,"column":1}},"line":17},"1":{"name":"handleRefresh","decl":{"start":{"line":74,"column":24},"end":{"line":76,"column":4}},"loc":{"start":{"line":74,"column":24},"end":{"line":76,"column":4}},"line":74}},"f":{"0":18,"1":0}}
,"/Users/jeff/src/Sankey_block_explorer/src/main.tsx": {"path":"/Users/jeff/src/Sankey_block_explorer/src/main.tsx","all":false,"statementMap":{"0":{"start":{"line":1,"column":0},"end":{"line":1,"column":26}},"1":{"start":{"line":2,"column":0},"end":{"line":2,"column":40}},"2":{"start":{"line":3,"column":0},"end":{"line":3,"column":21}},"3":{"start":{"line":4,"column":0},"end":{"line":4,"column":24}},"5":{"start":{"line":6,"column":0},"end":{"line":6,"column":61}},"6":{"start":{"line":7,"column":0},"end":{"line":7,"column":20}},"7":{"start":{"line":8,"column":0},"end":{"line":8,"column":11}},"8":{"start":{"line":9,"column":0},"end":{"line":9,"column":21}},"9":{"start":{"line":10,"column":0},"end":{"line":10,"column":2}}},"s":{"0":1,"1":1,"2":1,"3":1,"5":1,"6":1,"7":1,"8":1,"9":1},"branchMap":{},"b":{},"fnMap":{},"f":{}}
,"/Users/jeff/src/Sankey_block_explorer/src/siteMetada.ts": {"path":"/Users/jeff/src/Sankey_block_explorer/src/siteMetada.ts","all":true,"statementMap":{},"s":{},"branchMap":{"0":{"type":"branch","line":1,"loc":{"start":{"line":1,"column":0},"end":{"line":1,"column":0}},"locations":[{"start":{"line":1,"column":0},"end":{"line":1,"column":0}}]}},"b":{"0":[1]},"fnMap":{"0":{"name":"(empty-report)","decl":{"start":{"line":1,"column":0},"end":{"line":1,"column":0}},"loc":{"start":{"line":1,"column":0},"end":{"line":1,"column":0}},"line":1}},"f":{"0":1}}
,"/Users/jeff/src/Sankey_block_explorer/src/siteMetadata.ts": {"path":"/Users/jeff/src/Sankey_block_explorer/src/siteMetadata.ts","all":false,"statementMap":{"7":{"start":{"line":8,"column":0},"end":{"line":8,"column":42}},"9":{"start":{"line":10,"column":0},"end":{"line":10,"column":3}},"10":{"start":{"line":11,"column":0},"end":{"line":11,"column":17}},"11":{"start":{"line":12,"column":0},"end":{"line":12,"column":14}},"12":{"start":{"line":13,"column":0},"end":{"line":13,"column":17}},"13":{"start":{"line":14,"column":0},"end":{"line":14,"column":4}},"14":{"start":{"line":15,"column":0},"end":{"line":15,"column":3}},"15":{"start":{"line":16,"column":0},"end":{"line":16,"column":22}},"16":{"start":{"line":17,"column":0},"end":{"line":17,"column":23}},"17":{"start":{"line":18,"column":0},"end":{"line":18,"column":22}},"18":{"start":{"line":19,"column":0},"end":{"line":19,"column":4}},"19":{"start":{"line":20,"column":0},"end":{"line":20,"column":3}},"20":{"start":{"line":21,"column":0},"end":{"line":21,"column":20}},"21":{"start":{"line":22,"column":0},"end":{"line":22,"column":21}},"22":{"start":{"line":23,"column":0},"end":{"line":23,"column":20}},"23":{"start":{"line":24,"column":0},"end":{"line":24,"column":4}},"24":{"start":{"line":25,"column":0},"end":{"line":25,"column":3}},"25":{"start":{"line":26,"column":0},"end":{"line":26,"column":18}},"26":{"start":{"line":27,"column":0},"end":{"line":27,"column":19}},"27":{"start":{"line":28,"column":0},"end":{"line":28,"column":17}},"28":{"start":{"line":29,"column":0},"end":{"line":29,"column":4}},"29":{"start":{"line":30,"column":0},"end":{"line":30,"column":3}},"30":{"start":{"line":31,"column":0},"end":{"line":31,"column":20}},"31":{"start":{"line":32,"column":0},"end":{"line":32,"column":21}},"32":{"start":{"line":33,"column":0},"end":{"line":33,"column":18}},"33":{"start":{"line":34,"column":0},"end":{"line":34,"column":4}},"34":{"start":{"line":35,"column":0},"end":{"line":35,"column":2}},"36":{"start":{"line":37,"column":0},"end":{"line":37,"column":27}},"37":{"start":{"line":38,"column":0},"end":{"line":38,"column":32}},"38":{"start":{"line":39,"column":0},"end":{"line":39,"column":66}},"39":{"start":{"line":40,"column":0},"end":{"line":40,"column":45}},"40":{"start":{"line":41,"column":0},"end":{"line":41,"column":17}},"41":{"start":{"line":42,"column":0},"end":{"line":42,"column":13}},"42":{"start":{"line":43,"column":0},"end":{"line":43,"column":28}},"43":{"start":{"line":44,"column":0},"end":{"line":44,"column":30}},"44":{"start":{"line":45,"column":0},"end":{"line":45,"column":27}},"45":{"start":{"line":46,"column":0},"end":{"line":46,"column":26}},"46":{"start":{"line":47,"column":0},"end":{"line":47,"column":28}},"47":{"start":{"line":48,"column":0},"end":{"line":48,"column":4}},"48":{"start":{"line":49,"column":0},"end":{"line":49,"column":16}},"49":{"start":{"line":50,"column":0},"end":{"line":50,"column":43}},"50":{"start":{"line":51,"column":0},"end":{"line":51,"column":41}},"51":{"start":{"line":52,"column":0},"end":{"line":52,"column":45}},"52":{"start":{"line":53,"column":0},"end":{"line":53,"column":4}},"53":{"start":{"line":54,"column":0},"end":{"line":54,"column":2}}},"s":{"7":1,"9":1,"10":1,"11":1,"12":1,"13":1,"14":1,"15":1,"16":1,"17":1,"18":1,"19":1,"20":1,"21":1,"22":1,"23":1,"24":1,"25":1,"26":1,"27":1,"28":1,"29":1,"30":1,"31":1,"32":1,"33":1,"34":1,"36":1,"37":1,"38":1,"39":1,"40":1,"41":1,"42":1,"43":1,"44":1,"45":1,"46":1,"47":1,"48":1,"49":1,"50":1,"51":1,"52":1,"53":1},"branchMap":{},"b":{},"fnMap":{},"f":{}}
,"/Users/jeff/src/Sankey_block_explorer/src/components/BlockCard.tsx": {"path":"/Users/jeff/src/Sankey_block_explorer/src/components/BlockCard.tsx","all":false,"statementMap":{"0":{"start":{"line":1,"column":0},"end":{"line":1,"column":39}},"2":{"start":{"line":3,"column":0},"end":{"line":3,"column":48}},"4":{"start":{"line":5,"column":0},"end":{"line":5,"column":42}},"7":{"start":{"line":8,"column":0},"end":{"line":8,"column":39}},"18":{"start":{"line":19,"column":0},"end":{"line":19,"column":35}},"19":{"start":{"line":20,"column":0},"end":{"line":20,"column":46}},"20":{"start":{"line":21,"column":0},"end":{"line":21,"column":33}},"21":{"start":{"line":22,"column":0},"end":{"line":22,"column":2}},"23":{"start":{"line":24,"column":0},"end":{"line":24,"column":47}},"24":{"start":{"line":25,"column":0},"end":{"line":25,"column":9}},"25":{"start":{"line":26,"column":0},"end":{"line":26,"column":11}},"26":{"start":{"line":27,"column":0},"end":{"line":27,"column":16}},"27":{"start":{"line":28,"column":0},"end":{"line":28,"column":15}},"28":{"start":{"line":29,"column":0},"end":{"line":29,"column":13}},"29":{"start":{"line":30,"column":0},"end":{"line":30,"column":25}},"30":{"start":{"line":31,"column":0},"end":{"line":31,"column":7}},"32":{"start":{"line":33,"column":0},"end":{"line":33,"column":56}},"33":{"start":{"line":34,"column":0},"end":{"line":34,"column":76}},"36":{"start":{"line":37,"column":0},"end":{"line":37,"column":41}},"39":{"start":{"line":40,"column":0},"end":{"line":40,"column":65}},"40":{"start":{"line":41,"column":0},"end":{"line":41,"column":84}},"41":{"start":{"line":42,"column":0},"end":{"line":42,"column":43}},"42":{"start":{"line":43,"column":0},"end":{"line":43,"column":7}},"44":{"start":{"line":45,"column":0},"end":{"line":45,"column":49}},"45":{"start":{"line":46,"column":0},"end":{"line":46,"column":54}},"47":{"start":{"line":48,"column":0},"end":{"line":48,"column":39}},"48":{"start":{"line":49,"column":0},"end":{"line":49,"column":29}},"49":{"start":{"line":50,"column":0},"end":{"line":50,"column":31}},"50":{"start":{"line":51,"column":0},"end":{"line":51,"column":41}},"51":{"start":{"line":52,"column":0},"end":{"line":52,"column":59}},"52":{"start":{"line":53,"column":0},"end":{"line":53,"column":7}},"54":{"start":{"line":55,"column":0},"end":{"line":55,"column":58}},"55":{"start":{"line":56,"column":0},"end":{"line":56,"column":86}},"56":{"start":{"line":57,"column":0},"end":{"line":57,"column":24}},"57":{"start":{"line":58,"column":0},"end":{"line":58,"column":41}},"58":{"start":{"line":59,"column":0},"end":{"line":59,"column":73}},"59":{"start":{"line":60,"column":0},"end":{"line":60,"column":69}},"60":{"start":{"line":61,"column":0},"end":{"line":61,"column":9}},"61":{"start":{"line":62,"column":0},"end":{"line":62,"column":7}},"62":{"start":{"line":63,"column":0},"end":{"line":63,"column":7}},"63":{"start":{"line":64,"column":0},"end":{"line":64,"column":18}},"64":{"start":{"line":65,"column":0},"end":{"line":65,"column":30}},"67":{"start":{"line":68,"column":0},"end":{"line":68,"column":58}},"68":{"start":{"line":69,"column":0},"end":{"line":69,"column":32}},"69":{"start":{"line":70,"column":0},"end":{"line":70,"column":30}},"70":{"start":{"line":71,"column":0},"end":{"line":71,"column":20}},"71":{"start":{"line":72,"column":0},"end":{"line":72,"column":21}},"72":{"start":{"line":73,"column":0},"end":{"line":73,"column":21}},"73":{"start":{"line":74,"column":0},"end":{"line":74,"column":30}},"74":{"start":{"line":75,"column":0},"end":{"line":75,"column":8}},"75":{"start":{"line":76,"column":0},"end":{"line":76,"column":5}},"76":{"start":{"line":77,"column":0},"end":{"line":77,"column":46}},"77":{"start":{"line":78,"column":0},"end":{"line":78,"column":50}},"78":{"start":{"line":79,"column":0},"end":{"line":79,"column":55}},"81":{"start":{"line":82,"column":0},"end":{"line":82,"column":82}},"82":{"start":{"line":83,"column":0},"end":{"line":83,"column":40}},"83":{"start":{"line":84,"column":0},"end":{"line":84,"column":62}},"84":{"start":{"line":85,"column":0},"end":{"line":85,"column":5}},"86":{"start":{"line":87,"column":0},"end":{"line":87,"column":15}},"87":{"start":{"line":88,"column":0},"end":{"line":88,"column":28}},"92":{"start":{"line":93,"column":0},"end":{"line":93,"column":6}},"94":{"start":{"line":95,"column":0},"end":{"line":95,"column":26}},"95":{"start":{"line":96,"column":0},"end":{"line":96,"column":26}},"97":{"start":{"line":98,"column":0},"end":{"line":98,"column":54}},"99":{"start":{"line":100,"column":0},"end":{"line":100,"column":59}},"101":{"start":{"line":102,"column":0},"end":{"line":102,"column":59}},"102":{"start":{"line":103,"column":0},"end":{"line":103,"column":7}},"103":{"start":{"line":104,"column":0},"end":{"line":104,"column":32}},"104":{"start":{"line":105,"column":0},"end":{"line":105,"column":46}},"105":{"start":{"line":106,"column":0},"end":{"line":106,"column":30}},"106":{"start":{"line":107,"column":0},"end":{"line":107,"column":67}},"107":{"start":{"line":108,"column":0},"end":{"line":108,"column":8}},"108":{"start":{"line":109,"column":0},"end":{"line":109,"column":7}},"109":{"start":{"line":110,"column":0},"end":{"line":110,"column":30}},"110":{"start":{"line":111,"column":0},"end":{"line":111,"column":17}},"111":{"start":{"line":112,"column":0},"end":{"line":112,"column":30}},"112":{"start":{"line":113,"column":0},"end":{"line":113,"column":67}},"113":{"start":{"line":114,"column":0},"end":{"line":114,"column":7}},"114":{"start":{"line":115,"column":0},"end":{"line":115,"column":7}},"116":{"start":{"line":117,"column":0},"end":{"line":117,"column":56}},"117":{"start":{"line":118,"column":0},"end":{"line":118,"column":34}},"118":{"start":{"line":119,"column":0},"end":{"line":119,"column":32}},"119":{"start":{"line":120,"column":0},"end":{"line":120,"column":28}},"120":{"start":{"line":121,"column":0},"end":{"line":121,"column":66}},"121":{"start":{"line":122,"column":0},"end":{"line":122,"column":154}},"122":{"start":{"line":123,"column":0},"end":{"line":123,"column":8}},"123":{"start":{"line":124,"column":0},"end":{"line":124,"column":154}},"127":{"start":{"line":128,"column":0},"end":{"line":128,"column":24}},"128":{"start":{"line":129,"column":0},"end":{"line":129,"column":7}},"129":{"start":{"line":130,"column":0},"end":{"line":130,"column":33}},"130":{"start":{"line":131,"column":0},"end":{"line":131,"column":29}},"131":{"start":{"line":132,"column":0},"end":{"line":132,"column":21}},"132":{"start":{"line":133,"column":0},"end":{"line":133,"column":44}},"133":{"start":{"line":134,"column":0},"end":{"line":134,"column":34}},"134":{"start":{"line":135,"column":0},"end":{"line":135,"column":39}},"135":{"start":{"line":136,"column":0},"end":{"line":136,"column":8}},"136":{"start":{"line":137,"column":0},"end":{"line":137,"column":7}},"137":{"start":{"line":138,"column":0},"end":{"line":138,"column":33}},"138":{"start":{"line":139,"column":0},"end":{"line":139,"column":29}},"139":{"start":{"line":140,"column":0},"end":{"line":140,"column":21}},"140":{"start":{"line":141,"column":0},"end":{"line":141,"column":44}},"141":{"start":{"line":142,"column":0},"end":{"line":142,"column":34}},"142":{"start":{"line":143,"column":0},"end":{"line":143,"column":39}},"143":{"start":{"line":144,"column":0},"end":{"line":144,"column":8}},"144":{"start":{"line":145,"column":0},"end":{"line":145,"column":7}},"145":{"start":{"line":146,"column":0},"end":{"line":146,"column":33}},"146":{"start":{"line":147,"column":0},"end":{"line":147,"column":40}},"147":{"start":{"line":148,"column":0},"end":{"line":148,"column":21}},"148":{"start":{"line":149,"column":0},"end":{"line":149,"column":52}},"149":{"start":{"line":150,"column":0},"end":{"line":150,"column":34}},"150":{"start":{"line":151,"column":0},"end":{"line":151,"column":39}},"151":{"start":{"line":152,"column":0},"end":{"line":152,"column":7}},"152":{"start":{"line":153,"column":0},"end":{"line":153,"column":6}},"155":{"start":{"line":156,"column":0},"end":{"line":156,"column":24}},"156":{"start":{"line":157,"column":0},"end":{"line":157,"column":32}},"157":{"start":{"line":158,"column":0},"end":{"line":158,"column":27}},"158":{"start":{"line":159,"column":0},"end":{"line":159,"column":19}},"159":{"start":{"line":160,"column":0},"end":{"line":160,"column":43}},"160":{"start":{"line":161,"column":0},"end":{"line":161,"column":32}},"161":{"start":{"line":162,"column":0},"end":{"line":162,"column":39}},"162":{"start":{"line":163,"column":0},"end":{"line":163,"column":6}},"165":{"start":{"line":166,"column":0},"end":{"line":166,"column":25}},"166":{"start":{"line":167,"column":0},"end":{"line":167,"column":7}},"167":{"start":{"line":168,"column":0},"end":{"line":168,"column":34}},"168":{"start":{"line":169,"column":0},"end":{"line":169,"column":29}},"169":{"start":{"line":170,"column":0},"end":{"line":170,"column":21}},"170":{"start":{"line":171,"column":0},"end":{"line":171,"column":45}},"171":{"start":{"line":172,"column":0},"end":{"line":172,"column":40}},"172":{"start":{"line":173,"column":0},"end":{"line":173,"column":8}},"173":{"start":{"line":174,"column":0},"end":{"line":174,"column":7}},"174":{"start":{"line":175,"column":0},"end":{"line":175,"column":34}},"175":{"start":{"line":176,"column":0},"end":{"line":176,"column":29}},"176":{"start":{"line":177,"column":0},"end":{"line":177,"column":20}},"177":{"start":{"line":178,"column":0},"end":{"line":178,"column":50}},"178":{"start":{"line":179,"column":0},"end":{"line":179,"column":40}},"179":{"start":{"line":180,"column":0},"end":{"line":180,"column":8}},"180":{"start":{"line":181,"column":0},"end":{"line":181,"column":7}},"181":{"start":{"line":182,"column":0},"end":{"line":182,"column":34}},"182":{"start":{"line":183,"column":0},"end":{"line":183,"column":29}},"183":{"start":{"line":184,"column":0},"end":{"line":184,"column":20}},"184":{"start":{"line":185,"column":0},"end":{"line":185,"column":51}},"185":{"start":{"line":186,"column":0},"end":{"line":186,"column":40}},"186":{"start":{"line":187,"column":0},"end":{"line":187,"column":8}},"187":{"start":{"line":188,"column":0},"end":{"line":188,"column":7}},"188":{"start":{"line":189,"column":0},"end":{"line":189,"column":34}},"189":{"start":{"line":190,"column":0},"end":{"line":190,"column":29}},"190":{"start":{"line":191,"column":0},"end":{"line":191,"column":20}},"191":{"start":{"line":192,"column":0},"end":{"line":192,"column":46}},"192":{"start":{"line":193,"column":0},"end":{"line":193,"column":40}},"193":{"start":{"line":194,"column":0},"end":{"line":194,"column":8}},"194":{"start":{"line":195,"column":0},"end":{"line":195,"column":7}},"195":{"start":{"line":196,"column":0},"end":{"line":196,"column":34}},"196":{"start":{"line":197,"column":0},"end":{"line":197,"column":29}},"197":{"start":{"line":198,"column":0},"end":{"line":198,"column":20}},"198":{"start":{"line":199,"column":0},"end":{"line":199,"column":46}},"199":{"start":{"line":200,"column":0},"end":{"line":200,"column":40}},"200":{"start":{"line":201,"column":0},"end":{"line":201,"column":8}},"201":{"start":{"line":202,"column":0},"end":{"line":202,"column":7}},"202":{"start":{"line":203,"column":0},"end":{"line":203,"column":34}},"203":{"start":{"line":204,"column":0},"end":{"line":204,"column":29}},"204":{"start":{"line":205,"column":0},"end":{"line":205,"column":19}},"205":{"start":{"line":206,"column":0},"end":{"line":206,"column":45}},"206":{"start":{"line":207,"column":0},"end":{"line":207,"column":40}},"207":{"start":{"line":208,"column":0},"end":{"line":208,"column":7}},"208":{"start":{"line":209,"column":0},"end":{"line":209,"column":6}},"211":{"start":{"line":212,"column":0},"end":{"line":212,"column":13}},"212":{"start":{"line":213,"column":0},"end":{"line":213,"column":20}},"213":{"start":{"line":214,"column":0},"end":{"line":214,"column":17}},"214":{"start":{"line":215,"column":0},"end":{"line":215,"column":20}},"215":{"start":{"line":216,"column":0},"end":{"line":216,"column":6}},"218":{"start":{"line":219,"column":0},"end":{"line":219,"column":13}},"220":{"start":{"line":221,"column":0},"end":{"line":221,"column":7}},"221":{"start":{"line":222,"column":0},"end":{"line":222,"column":37}},"222":{"start":{"line":223,"column":0},"end":{"line":223,"column":38}},"223":{"start":{"line":224,"column":0},"end":{"line":224,"column":21}},"224":{"start":{"line":225,"column":0},"end":{"line":225,"column":25}},"225":{"start":{"line":226,"column":0},"end":{"line":226,"column":69}},"226":{"start":{"line":227,"column":0},"end":{"line":227,"column":8}},"229":{"start":{"line":230,"column":0},"end":{"line":230,"column":7}},"230":{"start":{"line":231,"column":0},"end":{"line":231,"column":38}},"231":{"start":{"line":232,"column":0},"end":{"line":232,"column":38}},"232":{"start":{"line":233,"column":0},"end":{"line":233,"column":54}},"233":{"start":{"line":234,"column":0},"end":{"line":234,"column":25}},"234":{"start":{"line":235,"column":0},"end":{"line":235,"column":69}},"235":{"start":{"line":236,"column":0},"end":{"line":236,"column":8}},"236":{"start":{"line":237,"column":0},"end":{"line":237,"column":7}},"237":{"start":{"line":238,"column":0},"end":{"line":238,"column":38}},"238":{"start":{"line":239,"column":0},"end":{"line":239,"column":38}},"239":{"start":{"line":240,"column":0},"end":{"line":240,"column":25}},"240":{"start":{"line":241,"column":0},"end":{"line":241,"column":25}},"241":{"start":{"line":242,"column":0},"end":{"line":242,"column":68}},"242":{"start":{"line":243,"column":0},"end":{"line":243,"column":8}},"243":{"start":{"line":244,"column":0},"end":{"line":244,"column":7}},"244":{"start":{"line":245,"column":0},"end":{"line":245,"column":38}},"245":{"start":{"line":246,"column":0},"end":{"line":246,"column":38}},"246":{"start":{"line":247,"column":0},"end":{"line":247,"column":24}},"247":{"start":{"line":248,"column":0},"end":{"line":248,"column":25}},"248":{"start":{"line":249,"column":0},"end":{"line":249,"column":68}},"249":{"start":{"line":250,"column":0},"end":{"line":250,"column":8}},"250":{"start":{"line":251,"column":0},"end":{"line":251,"column":7}},"251":{"start":{"line":252,"column":0},"end":{"line":252,"column":38}},"252":{"start":{"line":253,"column":0},"end":{"line":253,"column":38}},"253":{"start":{"line":254,"column":0},"end":{"line":254,"column":24}},"254":{"start":{"line":255,"column":0},"end":{"line":255,"column":25}},"255":{"start":{"line":256,"column":0},"end":{"line":256,"column":68}},"256":{"start":{"line":257,"column":0},"end":{"line":257,"column":8}},"257":{"start":{"line":258,"column":0},"end":{"line":258,"column":7}},"258":{"start":{"line":259,"column":0},"end":{"line":259,"column":38}},"259":{"start":{"line":260,"column":0},"end":{"line":260,"column":38}},"260":{"start":{"line":261,"column":0},"end":{"line":261,"column":24}},"261":{"start":{"line":262,"column":0},"end":{"line":262,"column":25}},"262":{"start":{"line":263,"column":0},"end":{"line":263,"column":68}},"263":{"start":{"line":264,"column":0},"end":{"line":264,"column":8}},"264":{"start":{"line":265,"column":0},"end":{"line":265,"column":7}},"265":{"start":{"line":266,"column":0},"end":{"line":266,"column":38}},"266":{"start":{"line":267,"column":0},"end":{"line":267,"column":38}},"267":{"start":{"line":268,"column":0},"end":{"line":268,"column":23}},"268":{"start":{"line":269,"column":0},"end":{"line":269,"column":25}},"269":{"start":{"line":270,"column":0},"end":{"line":270,"column":66}},"270":{"start":{"line":271,"column":0},"end":{"line":271,"column":8}},"273":{"start":{"line":274,"column":0},"end":{"line":274,"column":7}},"274":{"start":{"line":275,"column":0},"end":{"line":275,"column":37}},"275":{"start":{"line":276,"column":0},"end":{"line":276,"column":38}},"276":{"start":{"line":277,"column":0},"end":{"line":277,"column":21}},"277":{"start":{"line":278,"column":0},"end":{"line":278,"column":25}},"278":{"start":{"line":279,"column":0},"end":{"line":279,"column":69}},"279":{"start":{"line":280,"column":0},"end":{"line":280,"column":8}},"282":{"start":{"line":283,"column":0},"end":{"line":283,"column":7}},"283":{"start":{"line":284,"column":0},"end":{"line":284,"column":37}},"284":{"start":{"line":285,"column":0},"end":{"line":285,"column":38}},"285":{"start":{"line":286,"column":0},"end":{"line":286,"column":21}},"286":{"start":{"line":287,"column":0},"end":{"line":287,"column":25}},"287":{"start":{"line":288,"column":0},"end":{"line":288,"column":75}},"288":{"start":{"line":289,"column":0},"end":{"line":289,"column":7}},"289":{"start":{"line":290,"column":0},"end":{"line":290,"column":6}},"290":{"start":{"line":291,"column":0},"end":{"line":291,"column":101}},"294":{"start":{"line":295,"column":0},"end":{"line":295,"column":53}},"295":{"start":{"line":296,"column":0},"end":{"line":296,"column":32}},"296":{"start":{"line":297,"column":0},"end":{"line":297,"column":32}},"297":{"start":{"line":298,"column":0},"end":{"line":298,"column":32}},"298":{"start":{"line":299,"column":0},"end":{"line":299,"column":31}},"299":{"start":{"line":300,"column":0},"end":{"line":300,"column":6}},"302":{"start":{"line":303,"column":0},"end":{"line":303,"column":81}},"304":{"start":{"line":305,"column":0},"end":{"line":305,"column":77}},"305":{"start":{"line":306,"column":0},"end":{"line":306,"column":49}},"306":{"start":{"line":307,"column":0},"end":{"line":307,"column":40}},"307":{"start":{"line":308,"column":0},"end":{"line":308,"column":14}},"308":{"start":{"line":309,"column":0},"end":{"line":309,"column":32}},"309":{"start":{"line":310,"column":0},"end":{"line":310,"column":23}},"310":{"start":{"line":311,"column":0},"end":{"line":311,"column":30}},"311":{"start":{"line":312,"column":0},"end":{"line":312,"column":21}},"312":{"start":{"line":313,"column":0},"end":{"line":313,"column":34}},"313":{"start":{"line":314,"column":0},"end":{"line":314,"column":39}},"314":{"start":{"line":315,"column":0},"end":{"line":315,"column":8}},"315":{"start":{"line":316,"column":0},"end":{"line":316,"column":7}},"318":{"start":{"line":319,"column":0},"end":{"line":319,"column":26}},"319":{"start":{"line":320,"column":0},"end":{"line":320,"column":63}},"320":{"start":{"line":321,"column":0},"end":{"line":321,"column":63}},"321":{"start":{"line":322,"column":0},"end":{"line":322,"column":62}},"322":{"start":{"line":323,"column":0},"end":{"line":323,"column":62}},"323":{"start":{"line":324,"column":0},"end":{"line":324,"column":62}},"324":{"start":{"line":325,"column":0},"end":{"line":325,"column":61}},"325":{"start":{"line":326,"column":0},"end":{"line":326,"column":62}},"326":{"start":{"line":327,"column":0},"end":{"line":327,"column":6}},"328":{"start":{"line":329,"column":0},"end":{"line":329,"column":51}},"329":{"start":{"line":330,"column":0},"end":{"line":330,"column":32}},"330":{"start":{"line":331,"column":0},"end":{"line":331,"column":22}},"331":{"start":{"line":332,"column":0},"end":{"line":332,"column":24}},"332":{"start":{"line":333,"column":0},"end":{"line":333,"column":24}},"333":{"start":{"line":334,"column":0},"end":{"line":334,"column":38}},"334":{"start":{"line":335,"column":0},"end":{"line":335,"column":8}},"337":{"start":{"line":338,"column":0},"end":{"line":338,"column":13}},"338":{"start":{"line":339,"column":0},"end":{"line":339,"column":20}},"339":{"start":{"line":340,"column":0},"end":{"line":340,"column":20}},"340":{"start":{"line":341,"column":0},"end":{"line":341,"column":6}},"343":{"start":{"line":344,"column":0},"end":{"line":344,"column":42}},"346":{"start":{"line":347,"column":0},"end":{"line":347,"column":66}},"348":{"start":{"line":349,"column":0},"end":{"line":349,"column":34}},"349":{"start":{"line":350,"column":0},"end":{"line":350,"column":40}},"350":{"start":{"line":351,"column":0},"end":{"line":351,"column":73}},"351":{"start":{"line":352,"column":0},"end":{"line":352,"column":47}},"352":{"start":{"line":353,"column":0},"end":{"line":353,"column":57}},"353":{"start":{"line":354,"column":0},"end":{"line":354,"column":47}},"354":{"start":{"line":355,"column":0},"end":{"line":355,"column":57}},"355":{"start":{"line":356,"column":0},"end":{"line":356,"column":14}},"356":{"start":{"line":357,"column":0},"end":{"line":357,"column":57}},"357":{"start":{"line":358,"column":0},"end":{"line":358,"column":7}},"360":{"start":{"line":361,"column":0},"end":{"line":361,"column":62}},"361":{"start":{"line":362,"column":0},"end":{"line":362,"column":39}},"362":{"start":{"line":363,"column":0},"end":{"line":363,"column":69}},"363":{"start":{"line":364,"column":0},"end":{"line":364,"column":25}},"364":{"start":{"line":365,"column":0},"end":{"line":365,"column":104}},"365":{"start":{"line":366,"column":0},"end":{"line":366,"column":29}},"366":{"start":{"line":367,"column":0},"end":{"line":367,"column":40}},"367":{"start":{"line":368,"column":0},"end":{"line":368,"column":39}},"368":{"start":{"line":369,"column":0},"end":{"line":369,"column":25}},"369":{"start":{"line":370,"column":0},"end":{"line":370,"column":76}},"370":{"start":{"line":371,"column":0},"end":{"line":371,"column":50}},"371":{"start":{"line":372,"column":0},"end":{"line":372,"column":41}},"372":{"start":{"line":373,"column":0},"end":{"line":373,"column":88}},"373":{"start":{"line":374,"column":0},"end":{"line":374,"column":13}},"374":{"start":{"line":375,"column":0},"end":{"line":375,"column":9}},"375":{"start":{"line":376,"column":0},"end":{"line":376,"column":9}},"376":{"start":{"line":377,"column":0},"end":{"line":377,"column":7}},"378":{"start":{"line":379,"column":0},"end":{"line":379,"column":25}},"379":{"start":{"line":380,"column":0},"end":{"line":380,"column":46}},"382":{"start":{"line":383,"column":0},"end":{"line":383,"column":35}},"383":{"start":{"line":384,"column":0},"end":{"line":384,"column":26}},"384":{"start":{"line":385,"column":0},"end":{"line":385,"column":42}},"385":{"start":{"line":386,"column":0},"end":{"line":386,"column":57}},"386":{"start":{"line":387,"column":0},"end":{"line":387,"column":64}},"387":{"start":{"line":388,"column":0},"end":{"line":388,"column":48}},"389":{"start":{"line":390,"column":0},"end":{"line":390,"column":81}},"390":{"start":{"line":391,"column":0},"end":{"line":391,"column":46}},"391":{"start":{"line":392,"column":0},"end":{"line":392,"column":11}},"392":{"start":{"line":393,"column":0},"end":{"line":393,"column":6}},"395":{"start":{"line":396,"column":0},"end":{"line":396,"column":36}},"396":{"start":{"line":397,"column":0},"end":{"line":397,"column":22}},"397":{"start":{"line":398,"column":0},"end":{"line":398,"column":86}},"398":{"start":{"line":399,"column":0},"end":{"line":399,"column":36}},"399":{"start":{"line":400,"column":0},"end":{"line":400,"column":16}},"400":{"start":{"line":401,"column":0},"end":{"line":401,"column":29}},"401":{"start":{"line":402,"column":0},"end":{"line":402,"column":27}},"402":{"start":{"line":403,"column":0},"end":{"line":403,"column":41}},"403":{"start":{"line":404,"column":0},"end":{"line":404,"column":32}},"404":{"start":{"line":405,"column":0},"end":{"line":405,"column":10}},"405":{"start":{"line":406,"column":0},"end":{"line":406,"column":8}},"406":{"start":{"line":407,"column":0},"end":{"line":407,"column":41}},"408":{"start":{"line":409,"column":0},"end":{"line":409,"column":40}},"410":{"start":{"line":411,"column":0},"end":{"line":411,"column":15}},"411":{"start":{"line":412,"column":0},"end":{"line":412,"column":18}},"413":{"start":{"line":414,"column":0},"end":{"line":414,"column":70}},"414":{"start":{"line":415,"column":0},"end":{"line":415,"column":23}},"415":{"start":{"line":416,"column":0},"end":{"line":416,"column":48}},"416":{"start":{"line":417,"column":0},"end":{"line":417,"column":32}},"417":{"start":{"line":418,"column":0},"end":{"line":418,"column":69}},"418":{"start":{"line":419,"column":0},"end":{"line":419,"column":11}},"419":{"start":{"line":420,"column":0},"end":{"line":420,"column":8}},"422":{"start":{"line":423,"column":0},"end":{"line":423,"column":86}},"423":{"start":{"line":424,"column":0},"end":{"line":424,"column":25}},"424":{"start":{"line":425,"column":0},"end":{"line":425,"column":32}},"425":{"start":{"line":426,"column":0},"end":{"line":426,"column":30}},"426":{"start":{"line":427,"column":0},"end":{"line":427,"column":68}},"427":{"start":{"line":428,"column":0},"end":{"line":428,"column":156}},"428":{"start":{"line":429,"column":0},"end":{"line":429,"column":10}},"431":{"start":{"line":432,"column":0},"end":{"line":432,"column":15}},"432":{"start":{"line":433,"column":0},"end":{"line":433,"column":24}},"433":{"start":{"line":434,"column":0},"end":{"line":434,"column":9}},"434":{"start":{"line":435,"column":0},"end":{"line":435,"column":34}},"435":{"start":{"line":436,"column":0},"end":{"line":436,"column":34}},"436":{"start":{"line":437,"column":0},"end":{"line":437,"column":74}},"437":{"start":{"line":438,"column":0},"end":{"line":438,"column":38}},"438":{"start":{"line":439,"column":0},"end":{"line":439,"column":68}},"439":{"start":{"line":440,"column":0},"end":{"line":440,"column":51}},"440":{"start":{"line":441,"column":0},"end":{"line":441,"column":63}},"441":{"start":{"line":442,"column":0},"end":{"line":442,"column":102}},"442":{"start":{"line":443,"column":0},"end":{"line":443,"column":9}},"443":{"start":{"line":444,"column":0},"end":{"line":444,"column":8}},"444":{"start":{"line":445,"column":0},"end":{"line":445,"column":12}},"446":{"start":{"line":447,"column":0},"end":{"line":447,"column":39}},"447":{"start":{"line":448,"column":0},"end":{"line":448,"column":45}},"448":{"start":{"line":449,"column":0},"end":{"line":449,"column":42}},"449":{"start":{"line":450,"column":0},"end":{"line":450,"column":9}},"452":{"start":{"line":453,"column":0},"end":{"line":453,"column":15}},"453":{"start":{"line":454,"column":0},"end":{"line":454,"column":18}},"454":{"start":{"line":455,"column":0},"end":{"line":455,"column":56}},"455":{"start":{"line":456,"column":0},"end":{"line":456,"column":22}},"456":{"start":{"line":457,"column":0},"end":{"line":457,"column":47}},"457":{"start":{"line":458,"column":0},"end":{"line":458,"column":33}},"458":{"start":{"line":459,"column":0},"end":{"line":459,"column":64}},"459":{"start":{"line":460,"column":0},"end":{"line":460,"column":51}},"460":{"start":{"line":461,"column":0},"end":{"line":461,"column":68}},"461":{"start":{"line":462,"column":0},"end":{"line":462,"column":11}},"462":{"start":{"line":463,"column":0},"end":{"line":463,"column":8}},"465":{"start":{"line":466,"column":0},"end":{"line":466,"column":61}},"466":{"start":{"line":467,"column":0},"end":{"line":467,"column":28}},"467":{"start":{"line":468,"column":0},"end":{"line":468,"column":26}},"468":{"start":{"line":469,"column":0},"end":{"line":469,"column":29}},"469":{"start":{"line":470,"column":0},"end":{"line":470,"column":71}},"470":{"start":{"line":471,"column":0},"end":{"line":471,"column":144}},"471":{"start":{"line":472,"column":0},"end":{"line":472,"column":10}},"474":{"start":{"line":475,"column":0},"end":{"line":475,"column":15}},"475":{"start":{"line":476,"column":0},"end":{"line":476,"column":25}},"476":{"start":{"line":477,"column":0},"end":{"line":477,"column":9}},"477":{"start":{"line":478,"column":0},"end":{"line":478,"column":34}},"478":{"start":{"line":479,"column":0},"end":{"line":479,"column":34}},"479":{"start":{"line":480,"column":0},"end":{"line":480,"column":74}},"480":{"start":{"line":481,"column":0},"end":{"line":481,"column":38}},"481":{"start":{"line":482,"column":0},"end":{"line":482,"column":56}},"482":{"start":{"line":483,"column":0},"end":{"line":483,"column":63}},"483":{"start":{"line":484,"column":0},"end":{"line":484,"column":51}},"484":{"start":{"line":485,"column":0},"end":{"line":485,"column":102}},"485":{"start":{"line":486,"column":0},"end":{"line":486,"column":9}},"486":{"start":{"line":487,"column":0},"end":{"line":487,"column":8}},"487":{"start":{"line":488,"column":0},"end":{"line":488,"column":5}},"488":{"start":{"line":489,"column":0},"end":{"line":489,"column":10}},"490":{"start":{"line":491,"column":0},"end":{"line":491,"column":36}},"491":{"start":{"line":492,"column":0},"end":{"line":492,"column":22}},"492":{"start":{"line":493,"column":0},"end":{"line":493,"column":86}},"493":{"start":{"line":494,"column":0},"end":{"line":494,"column":36}},"494":{"start":{"line":495,"column":0},"end":{"line":495,"column":16}},"495":{"start":{"line":496,"column":0},"end":{"line":496,"column":29}},"496":{"start":{"line":497,"column":0},"end":{"line":497,"column":27}},"497":{"start":{"line":498,"column":0},"end":{"line":498,"column":41}},"498":{"start":{"line":499,"column":0},"end":{"line":499,"column":32}},"499":{"start":{"line":500,"column":0},"end":{"line":500,"column":10}},"500":{"start":{"line":501,"column":0},"end":{"line":501,"column":8}},"501":{"start":{"line":502,"column":0},"end":{"line":502,"column":41}},"503":{"start":{"line":504,"column":0},"end":{"line":504,"column":40}},"505":{"start":{"line":506,"column":0},"end":{"line":506,"column":15}},"507":{"start":{"line":508,"column":0},"end":{"line":508,"column":9}},"508":{"start":{"line":509,"column":0},"end":{"line":509,"column":30}},"509":{"start":{"line":510,"column":0},"end":{"line":510,"column":46}},"510":{"start":{"line":511,"column":0},"end":{"line":511,"column":61}},"511":{"start":{"line":512,"column":0},"end":{"line":512,"column":38}},"512":{"start":{"line":513,"column":0},"end":{"line":513,"column":10}},"514":{"start":{"line":515,"column":0},"end":{"line":515,"column":70}},"515":{"start":{"line":516,"column":0},"end":{"line":516,"column":23}},"516":{"start":{"line":517,"column":0},"end":{"line":517,"column":48}},"517":{"start":{"line":518,"column":0},"end":{"line":518,"column":32}},"518":{"start":{"line":519,"column":0},"end":{"line":519,"column":69}},"519":{"start":{"line":520,"column":0},"end":{"line":520,"column":11}},"520":{"start":{"line":521,"column":0},"end":{"line":521,"column":8}},"522":{"start":{"line":523,"column":0},"end":{"line":523,"column":73}},"523":{"start":{"line":524,"column":0},"end":{"line":524,"column":25}},"524":{"start":{"line":525,"column":0},"end":{"line":525,"column":32}},"525":{"start":{"line":526,"column":0},"end":{"line":526,"column":30}},"526":{"start":{"line":527,"column":0},"end":{"line":527,"column":68}},"527":{"start":{"line":528,"column":0},"end":{"line":528,"column":156}},"528":{"start":{"line":529,"column":0},"end":{"line":529,"column":10}},"529":{"start":{"line":530,"column":0},"end":{"line":530,"column":12}},"531":{"start":{"line":532,"column":0},"end":{"line":532,"column":39}},"532":{"start":{"line":533,"column":0},"end":{"line":533,"column":45}},"533":{"start":{"line":534,"column":0},"end":{"line":534,"column":42}},"534":{"start":{"line":535,"column":0},"end":{"line":535,"column":9}},"536":{"start":{"line":537,"column":0},"end":{"line":537,"column":59}},"537":{"start":{"line":538,"column":0},"end":{"line":538,"column":20}},"538":{"start":{"line":539,"column":0},"end":{"line":539,"column":45}},"539":{"start":{"line":540,"column":0},"end":{"line":540,"column":31}},"540":{"start":{"line":541,"column":0},"end":{"line":541,"column":62}},"541":{"start":{"line":542,"column":0},"end":{"line":542,"column":49}},"542":{"start":{"line":543,"column":0},"end":{"line":543,"column":66}},"543":{"start":{"line":544,"column":0},"end":{"line":544,"column":10}},"545":{"start":{"line":546,"column":0},"end":{"line":546,"column":47}},"546":{"start":{"line":547,"column":0},"end":{"line":547,"column":28}},"547":{"start":{"line":548,"column":0},"end":{"line":548,"column":26}},"548":{"start":{"line":549,"column":0},"end":{"line":549,"column":29}},"549":{"start":{"line":550,"column":0},"end":{"line":550,"column":71}},"550":{"start":{"line":551,"column":0},"end":{"line":551,"column":144}},"551":{"start":{"line":552,"column":0},"end":{"line":552,"column":10}},"552":{"start":{"line":553,"column":0},"end":{"line":553,"column":5}},"553":{"start":{"line":554,"column":0},"end":{"line":554,"column":3}},"555":{"start":{"line":556,"column":0},"end":{"line":556,"column":10}},"556":{"start":{"line":557,"column":0},"end":{"line":557,"column":44}},"557":{"start":{"line":558,"column":0},"end":{"line":558,"column":58}},"558":{"start":{"line":559,"column":0},"end":{"line":559,"column":38}},"559":{"start":{"line":560,"column":0},"end":{"line":560,"column":36}},"560":{"start":{"line":561,"column":0},"end":{"line":561,"column":27}},"561":{"start":{"line":562,"column":0},"end":{"line":562,"column":14}},"562":{"start":{"line":563,"column":0},"end":{"line":563,"column":80}},"563":{"start":{"line":564,"column":0},"end":{"line":564,"column":25}},"564":{"start":{"line":565,"column":0},"end":{"line":565,"column":26}},"565":{"start":{"line":566,"column":0},"end":{"line":566,"column":25}},"566":{"start":{"line":567,"column":0},"end":{"line":567,"column":22}},"567":{"start":{"line":568,"column":0},"end":{"line":568,"column":21}},"568":{"start":{"line":569,"column":0},"end":{"line":569,"column":26}},"569":{"start":{"line":570,"column":0},"end":{"line":570,"column":16}},"570":{"start":{"line":571,"column":0},"end":{"line":571,"column":21}},"571":{"start":{"line":572,"column":0},"end":{"line":572,"column":28}},"572":{"start":{"line":573,"column":0},"end":{"line":573,"column":15}},"573":{"start":{"line":574,"column":0},"end":{"line":574,"column":14}},"574":{"start":{"line":575,"column":0},"end":{"line":575,"column":12}},"575":{"start":{"line":576,"column":0},"end":{"line":576,"column":14}},"576":{"start":{"line":577,"column":0},"end":{"line":577,"column":37}},"577":{"start":{"line":578,"column":0},"end":{"line":578,"column":15}},"578":{"start":{"line":579,"column":0},"end":{"line":579,"column":41}},"579":{"start":{"line":580,"column":0},"end":{"line":580,"column":34}},"580":{"start":{"line":581,"column":0},"end":{"line":581,"column":16}},"581":{"start":{"line":582,"column":0},"end":{"line":582,"column":15}},"582":{"start":{"line":583,"column":0},"end":{"line":583,"column":18}},"585":{"start":{"line":586,"column":0},"end":{"line":586,"column":98}},"587":{"start":{"line":588,"column":0},"end":{"line":588,"column":19}},"588":{"start":{"line":589,"column":0},"end":{"line":589,"column":39}},"589":{"start":{"line":590,"column":0},"end":{"line":590,"column":16}},"590":{"start":{"line":591,"column":0},"end":{"line":591,"column":15}},"591":{"start":{"line":592,"column":0},"end":{"line":592,"column":61}},"592":{"start":{"line":593,"column":0},"end":{"line":593,"column":42}},"593":{"start":{"line":594,"column":0},"end":{"line":594,"column":16}},"594":{"start":{"line":595,"column":0},"end":{"line":595,"column":15}},"595":{"start":{"line":596,"column":0},"end":{"line":596,"column":70}},"596":{"start":{"line":597,"column":0},"end":{"line":597,"column":37}},"597":{"start":{"line":598,"column":0},"end":{"line":598,"column":16}},"598":{"start":{"line":599,"column":0},"end":{"line":599,"column":46}},"599":{"start":{"line":600,"column":0},"end":{"line":600,"column":17}},"600":{"start":{"line":601,"column":0},"end":{"line":601,"column":20}},"601":{"start":{"line":602,"column":0},"end":{"line":602,"column":45}},"603":{"start":{"line":604,"column":0},"end":{"line":604,"column":91}},"604":{"start":{"line":605,"column":0},"end":{"line":605,"column":56}},"605":{"start":{"line":606,"column":0},"end":{"line":606,"column":22}},"606":{"start":{"line":607,"column":0},"end":{"line":607,"column":21}},"607":{"start":{"line":608,"column":0},"end":{"line":608,"column":42}},"608":{"start":{"line":609,"column":0},"end":{"line":609,"column":18}},"610":{"start":{"line":611,"column":0},"end":{"line":611,"column":15}},"611":{"start":{"line":612,"column":0},"end":{"line":612,"column":75}},"612":{"start":{"line":613,"column":0},"end":{"line":613,"column":37}},"613":{"start":{"line":614,"column":0},"end":{"line":614,"column":16}},"614":{"start":{"line":615,"column":0},"end":{"line":615,"column":14}},"615":{"start":{"line":616,"column":0},"end":{"line":616,"column":12}},"616":{"start":{"line":617,"column":0},"end":{"line":617,"column":42}},"617":{"start":{"line":618,"column":0},"end":{"line":618,"column":45}},"618":{"start":{"line":619,"column":0},"end":{"line":619,"column":18}},"619":{"start":{"line":620,"column":0},"end":{"line":620,"column":35}},"620":{"start":{"line":621,"column":0},"end":{"line":621,"column":47}},"621":{"start":{"line":622,"column":0},"end":{"line":622,"column":31}},"622":{"start":{"line":623,"column":0},"end":{"line":623,"column":11}},"624":{"start":{"line":625,"column":0},"end":{"line":625,"column":19}},"625":{"start":{"line":626,"column":0},"end":{"line":626,"column":18}},"626":{"start":{"line":627,"column":0},"end":{"line":627,"column":35}},"627":{"start":{"line":628,"column":0},"end":{"line":628,"column":46}},"628":{"start":{"line":629,"column":0},"end":{"line":629,"column":34}},"629":{"start":{"line":630,"column":0},"end":{"line":630,"column":11}},"631":{"start":{"line":632,"column":0},"end":{"line":632,"column":19}},"632":{"start":{"line":633,"column":0},"end":{"line":633,"column":87}},"633":{"start":{"line":634,"column":0},"end":{"line":634,"column":18}},"634":{"start":{"line":635,"column":0},"end":{"line":635,"column":35}},"635":{"start":{"line":636,"column":0},"end":{"line":636,"column":46}},"636":{"start":{"line":637,"column":0},"end":{"line":637,"column":30}},"637":{"start":{"line":638,"column":0},"end":{"line":638,"column":11}},"639":{"start":{"line":640,"column":0},"end":{"line":640,"column":19}},"640":{"start":{"line":641,"column":0},"end":{"line":641,"column":18}},"641":{"start":{"line":642,"column":0},"end":{"line":642,"column":35}},"642":{"start":{"line":643,"column":0},"end":{"line":643,"column":46}},"643":{"start":{"line":644,"column":0},"end":{"line":644,"column":30}},"644":{"start":{"line":645,"column":0},"end":{"line":645,"column":11}},"646":{"start":{"line":647,"column":0},"end":{"line":647,"column":19}},"647":{"start":{"line":648,"column":0},"end":{"line":648,"column":14}},"648":{"start":{"line":649,"column":0},"end":{"line":649,"column":39}},"649":{"start":{"line":650,"column":0},"end":{"line":650,"column":24}},"650":{"start":{"line":651,"column":0},"end":{"line":651,"column":14}},"651":{"start":{"line":652,"column":0},"end":{"line":652,"column":12}},"652":{"start":{"line":653,"column":0},"end":{"line":653,"column":10}},"654":{"start":{"line":655,"column":0},"end":{"line":655,"column":2}},"656":{"start":{"line":657,"column":0},"end":{"line":657,"column":25}}},"s":{"0":1,"2":1,"4":1,"7":1,"18":1,"19":34,"20":34,"21":34,"23":1,"24":11,"25":11,"26":11,"27":11,"28":11,"29":11,"30":11,"32":11,"33":11,"36":2,"39":0,"40":0,"41":0,"42":0,"44":0,"45":11,"47":11,"48":11,"49":11,"50":29,"51":22,"52":22,"54":29,"55":26,"56":26,"57":4,"58":4,"59":4,"60":4,"61":26,"62":11,"63":11,"64":11,"67":11,"68":29,"69":22,"70":22,"71":22,"72":22,"73":22,"74":22,"75":22,"76":29,"77":29,"78":29,"81":29,"82":29,"83":25,"84":25,"86":29,"87":11,"92":11,"94":11,"95":11,"97":11,"99":1,"101":1,"102":2,"103":2,"104":2,"105":2,"106":2,"107":2,"108":2,"109":2,"110":2,"111":2,"112":2,"113":2,"114":1,"116":1,"117":2,"118":2,"119":2,"120":2,"121":2,"122":1,"123":11,"127":3,"128":3,"129":3,"130":3,"131":3,"132":3,"133":3,"134":3,"135":3,"136":3,"137":3,"138":3,"139":3,"140":3,"141":3,"142":3,"143":3,"144":3,"145":3,"146":3,"147":3,"148":3,"149":3,"150":3,"151":3,"152":3,"155":3,"156":3,"157":3,"158":3,"159":3,"160":3,"161":3,"162":3,"165":3,"166":3,"167":3,"168":3,"169":3,"170":3,"171":3,"172":3,"173":3,"174":3,"175":3,"176":3,"177":3,"178":3,"179":3,"180":3,"181":3,"182":3,"183":3,"184":3,"185":3,"186":3,"187":3,"188":3,"189":3,"190":3,"191":3,"192":3,"193":3,"194":3,"195":3,"196":3,"197":3,"198":3,"199":3,"200":3,"201":3,"202":3,"203":3,"204":3,"205":3,"206":3,"207":3,"208":3,"211":3,"212":3,"213":3,"214":3,"215":3,"218":3,"220":3,"221":3,"222":3,"223":3,"224":3,"225":3,"226":3,"229":3,"230":3,"231":3,"232":3,"233":3,"234":3,"235":3,"236":3,"237":3,"238":3,"239":3,"240":3,"241":3,"242":3,"243":3,"244":3,"245":3,"246":3,"247":3,"248":3,"249":3,"250":3,"251":3,"252":3,"253":3,"254":3,"255":3,"256":3,"257":3,"258":3,"259":3,"260":3,"261":3,"262":3,"263":3,"264":3,"265":3,"266":3,"267":3,"268":3,"269":3,"270":3,"273":3,"274":3,"275":3,"276":3,"277":3,"278":3,"279":3,"282":3,"283":3,"284":3,"285":3,"286":3,"287":3,"288":3,"289":3,"290":10,"294":0,"295":0,"296":0,"297":0,"298":0,"299":0,"302":0,"304":0,"305":0,"306":0,"307":0,"308":0,"309":0,"310":0,"311":0,"312":0,"313":0,"314":0,"315":0,"318":0,"319":0,"320":0,"321":0,"322":0,"323":0,"324":0,"325":0,"326":0,"328":0,"329":0,"330":0,"331":0,"332":0,"333":0,"334":0,"337":0,"338":0,"339":0,"340":0,"343":0,"346":0,"348":0,"349":0,"350":0,"351":0,"352":0,"353":0,"354":0,"355":0,"356":0,"357":0,"360":0,"361":0,"362":0,"363":0,"364":0,"365":0,"366":0,"367":0,"368":0,"369":0,"370":0,"371":0,"372":0,"373":0,"374":0,"375":0,"376":0,"378":0,"379":7,"382":0,"383":0,"384":0,"385":0,"386":0,"387":0,"389":0,"390":0,"391":0,"392":0,"395":0,"396":0,"397":0,"398":0,"399":0,"400":0,"401":0,"402":0,"403":0,"404":0,"405":0,"406":0,"408":0,"410":0,"411":0,"413":0,"414":0,"415":0,"416":0,"417":0,"418":0,"419":0,"422":0,"423":0,"424":0,"425":0,"426":0,"427":0,"428":0,"431":0,"432":0,"433":0,"434":0,"435":0,"436":0,"437":0,"438":0,"439":0,"440":0,"441":0,"442":0,"443":0,"444":0,"446":0,"447":0,"448":0,"449":0,"452":0,"453":0,"454":0,"455":0,"456":0,"457":0,"458":0,"459":0,"460":0,"461":0,"462":0,"465":0,"466":0,"467":0,"468":0,"469":0,"470":0,"471":0,"474":0,"475":0,"476":0,"477":0,"478":0,"479":0,"480":0,"481":0,"482":0,"483":0,"484":0,"485":0,"486":0,"487":0,"488":7,"490":7,"491":7,"492":20,"493":20,"494":3,"495":3,"496":3,"497":3,"498":3,"499":3,"500":7,"501":7,"503":7,"505":6,"507":6,"508":6,"509":6,"510":6,"511":6,"512":6,"514":6,"515":12,"516":12,"517":12,"518":12,"519":6,"520":6,"522":6,"523":12,"524":12,"525":12,"526":12,"527":12,"528":6,"529":7,"531":1,"532":1,"533":1,"534":1,"536":1,"537":4,"538":4,"539":4,"540":4,"541":4,"542":4,"543":1,"545":1,"546":3,"547":3,"548":3,"549":3,"550":3,"551":1,"552":1,"553":7,"555":11,"556":11,"557":11,"558":11,"559":11,"560":11,"561":11,"562":11,"563":11,"564":11,"565":11,"566":11,"567":11,"568":11,"569":11,"570":11,"571":11,"572":11,"573":11,"574":11,"575":11,"576":11,"577":11,"578":11,"579":11,"580":11,"581":11,"582":11,"585":11,"587":11,"588":11,"589":11,"590":11,"591":11,"592":11,"593":11,"594":11,"595":11,"596":11,"597":11,"598":11,"599":3,"600":3,"601":3,"603":6,"604":6,"605":3,"606":3,"607":3,"608":3,"610":11,"611":11,"612":11,"613":11,"614":11,"615":11,"616":11,"617":11,"618":11,"619":11,"620":11,"621":11,"622":11,"624":11,"625":11,"626":11,"627":11,"628":11,"629":11,"631":11,"632":11,"633":11,"634":11,"635":11,"636":11,"637":11,"639":11,"640":11,"641":11,"642":11,"643":11,"644":11,"646":11,"647":11,"648":11,"649":11,"650":11,"651":11,"652":11,"654":11,"656":1},"branchMap":{"0":{"type":"branch","line":19,"loc":{"start":{"line":19,"column":28},"end":{"line":22,"column":2}},"locations":[{"start":{"line":19,"column":28},"end":{"line":22,"column":2}}]},"1":{"type":"branch","line":24,"loc":{"start":{"line":24,"column":44},"end":{"line":655,"column":2}},"locations":[{"start":{"line":24,"column":44},"end":{"line":655,"column":2}}]},"2":{"type":"branch","line":98,"loc":{"start":{"line":98,"column":53},"end":{"line":124,"column":13}},"locations":[{"start":{"line":98,"column":53},"end":{"line":124,"column":13}}]},"3":{"type":"branch","line":124,"loc":{"start":{"line":124,"column":2},"end":{"line":554,"column":3}},"locations":[{"start":{"line":124,"column":2},"end":{"line":554,"column":3}}]},"4":{"type":"branch","line":124,"loc":{"start":{"line":124,"column":13},"end":{"line":124,"column":153}},"locations":[{"start":{"line":124,"column":13},"end":{"line":124,"column":153}}]},"5":{"type":"branch","line":124,"loc":{"start":{"line":124,"column":65},"end":{"line":124,"column":101}},"locations":[{"start":{"line":124,"column":65},"end":{"line":124,"column":101}}]},"6":{"type":"branch","line":124,"loc":{"start":{"line":124,"column":94},"end":{"line":124,"column":125}},"locations":[{"start":{"line":124,"column":94},"end":{"line":124,"column":125}}]},"7":{"type":"branch","line":124,"loc":{"start":{"line":124,"column":118},"end":{"line":124,"column":153}},"locations":[{"start":{"line":124,"column":118},"end":{"line":124,"column":153}}]},"8":{"type":"branch","line":124,"loc":{"start":{"line":124,"column":153},"end":{"line":291,"column":13}},"locations":[{"start":{"line":124,"column":153},"end":{"line":291,"column":13}}]},"9":{"type":"branch","line":291,"loc":{"start":{"line":291,"column":2},"end":{"line":554,"column":3}},"locations":[{"start":{"line":291,"column":2},"end":{"line":554,"column":3}}]},"10":{"type":"branch","line":291,"loc":{"start":{"line":291,"column":13},"end":{"line":291,"column":100}},"locations":[{"start":{"line":291,"column":13},"end":{"line":291,"column":100}}]},"11":{"type":"branch","line":291,"loc":{"start":{"line":291,"column":100},"end":{"line":380,"column":13}},"locations":[{"start":{"line":291,"column":100},"end":{"line":380,"column":13}}]},"12":{"type":"branch","line":380,"loc":{"start":{"line":380,"column":45},"end":{"line":489,"column":9}},"locations":[{"start":{"line":380,"column":45},"end":{"line":489,"column":9}}]},"13":{"type":"branch","line":504,"loc":{"start":{"line":504,"column":39},"end":{"line":530,"column":11}},"locations":[{"start":{"line":504,"column":39},"end":{"line":530,"column":11}}]},"14":{"type":"branch","line":530,"loc":{"start":{"line":530,"column":4},"end":{"line":553,"column":5}},"locations":[{"start":{"line":530,"column":4},"end":{"line":553,"column":5}}]},"15":{"type":"branch","line":599,"loc":{"start":{"line":599,"column":11},"end":{"line":609,"column":18}},"locations":[{"start":{"line":599,"column":11},"end":{"line":609,"column":18}}]},"16":{"type":"branch","line":33,"loc":{"start":{"line":33,"column":49},"end":{"line":46,"column":5}},"locations":[{"start":{"line":33,"column":49},"end":{"line":46,"column":5}}]},"17":{"type":"branch","line":34,"loc":{"start":{"line":34,"column":46},"end":{"line":34,"column":76}},"locations":[{"start":{"line":34,"column":46},"end":{"line":34,"column":76}}]},"18":{"type":"branch","line":34,"loc":{"start":{"line":34,"column":53},"end":{"line":37,"column":41}},"locations":[{"start":{"line":34,"column":53},"end":{"line":37,"column":41}}]},"19":{"type":"branch","line":37,"loc":{"start":{"line":37,"column":35},"end":{"line":45,"column":49}},"locations":[{"start":{"line":37,"column":35},"end":{"line":45,"column":49}}]},"20":{"type":"branch","line":48,"loc":{"start":{"line":48,"column":32},"end":{"line":65,"column":5}},"locations":[{"start":{"line":48,"column":32},"end":{"line":65,"column":5}}]},"21":{"type":"branch","line":50,"loc":{"start":{"line":50,"column":20},"end":{"line":63,"column":5}},"locations":[{"start":{"line":50,"column":20},"end":{"line":63,"column":5}}]},"22":{"type":"branch","line":51,"loc":{"start":{"line":51,"column":40},"end":{"line":53,"column":7}},"locations":[{"start":{"line":51,"column":40},"end":{"line":53,"column":7}}]},"23":{"type":"branch","line":55,"loc":{"start":{"line":55,"column":57},"end":{"line":62,"column":7}},"locations":[{"start":{"line":55,"column":57},"end":{"line":62,"column":7}}]},"24":{"type":"branch","line":57,"loc":{"start":{"line":57,"column":23},"end":{"line":61,"column":9}},"locations":[{"start":{"line":57,"column":23},"end":{"line":61,"column":9}}]},"25":{"type":"branch","line":59,"loc":{"start":{"line":59,"column":33},"end":{"line":59,"column":73}},"locations":[{"start":{"line":59,"column":33},"end":{"line":59,"column":73}}]},"26":{"type":"branch","line":60,"loc":{"start":{"line":60,"column":31},"end":{"line":60,"column":69}},"locations":[{"start":{"line":60,"column":31},"end":{"line":60,"column":69}}]},"27":{"type":"branch","line":68,"loc":{"start":{"line":68,"column":40},"end":{"line":88,"column":5}},"locations":[{"start":{"line":68,"column":40},"end":{"line":88,"column":5}}]},"28":{"type":"branch","line":69,"loc":{"start":{"line":69,"column":31},"end":{"line":76,"column":5}},"locations":[{"start":{"line":69,"column":31},"end":{"line":76,"column":5}}]},"29":{"type":"branch","line":83,"loc":{"start":{"line":83,"column":9},"end":{"line":83,"column":39}},"locations":[{"start":{"line":83,"column":9},"end":{"line":83,"column":39}}]},"30":{"type":"branch","line":83,"loc":{"start":{"line":83,"column":39},"end":{"line":85,"column":5}},"locations":[{"start":{"line":83,"column":39},"end":{"line":85,"column":5}}]},"31":{"type":"branch","line":102,"loc":{"start":{"line":102,"column":36},"end":{"line":115,"column":5}},"locations":[{"start":{"line":102,"column":36},"end":{"line":115,"column":5}}]},"32":{"type":"branch","line":107,"loc":{"start":{"line":107,"column":41},"end":{"line":107,"column":67}},"locations":[{"start":{"line":107,"column":41},"end":{"line":107,"column":67}}]},"33":{"type":"branch","line":113,"loc":{"start":{"line":113,"column":41},"end":{"line":113,"column":67}},"locations":[{"start":{"line":113,"column":41},"end":{"line":113,"column":67}}]},"34":{"type":"branch","line":117,"loc":{"start":{"line":117,"column":32},"end":{"line":123,"column":6}},"locations":[{"start":{"line":117,"column":32},"end":{"line":123,"column":6}}]},"35":{"type":"branch","line":121,"loc":{"start":{"line":121,"column":39},"end":{"line":121,"column":66}},"locations":[{"start":{"line":121,"column":39},"end":{"line":121,"column":66}}]},"36":{"type":"branch","line":492,"loc":{"start":{"line":492,"column":11},"end":{"line":501,"column":7}},"locations":[{"start":{"line":492,"column":11},"end":{"line":501,"column":7}}]},"37":{"type":"branch","line":494,"loc":{"start":{"line":494,"column":24},"end":{"line":494,"column":36}},"locations":[{"start":{"line":494,"column":24},"end":{"line":494,"column":36}}]},"38":{"type":"branch","line":494,"loc":{"start":{"line":494,"column":31},"end":{"line":500,"column":10}},"locations":[{"start":{"line":494,"column":31},"end":{"line":500,"column":10}}]},"39":{"type":"branch","line":502,"loc":{"start":{"line":502,"column":14},"end":{"line":502,"column":39}},"locations":[{"start":{"line":502,"column":14},"end":{"line":502,"column":39}}]},"40":{"type":"branch","line":511,"loc":{"start":{"line":511,"column":32},"end":{"line":511,"column":58}},"locations":[{"start":{"line":511,"column":32},"end":{"line":511,"column":58}}]},"41":{"type":"branch","line":515,"loc":{"start":{"line":515,"column":46},"end":{"line":520,"column":10}},"locations":[{"start":{"line":515,"column":46},"end":{"line":520,"column":10}}]},"42":{"type":"branch","line":519,"loc":{"start":{"line":519,"column":43},"end":{"line":519,"column":69}},"locations":[{"start":{"line":519,"column":43},"end":{"line":519,"column":69}}]},"43":{"type":"branch","line":523,"loc":{"start":{"line":523,"column":49},"end":{"line":529,"column":8}},"locations":[{"start":{"line":523,"column":49},"end":{"line":529,"column":8}}]},"44":{"type":"branch","line":527,"loc":{"start":{"line":527,"column":41},"end":{"line":527,"column":68}},"locations":[{"start":{"line":527,"column":41},"end":{"line":527,"column":68}}]},"45":{"type":"branch","line":533,"loc":{"start":{"line":533,"column":32},"end":{"line":533,"column":43}},"locations":[{"start":{"line":533,"column":32},"end":{"line":533,"column":43}}]},"46":{"type":"branch","line":534,"loc":{"start":{"line":534,"column":32},"end":{"line":534,"column":41}},"locations":[{"start":{"line":534,"column":32},"end":{"line":534,"column":41}}]},"47":{"type":"branch","line":537,"loc":{"start":{"line":537,"column":46},"end":{"line":544,"column":8}},"locations":[{"start":{"line":537,"column":46},"end":{"line":544,"column":8}}]},"48":{"type":"branch","line":543,"loc":{"start":{"line":543,"column":40},"end":{"line":543,"column":66}},"locations":[{"start":{"line":543,"column":40},"end":{"line":543,"column":66}}]},"49":{"type":"branch","line":541,"loc":{"start":{"line":541,"column":18},"end":{"line":541,"column":61}},"locations":[{"start":{"line":541,"column":18},"end":{"line":541,"column":61}}]},"50":{"type":"branch","line":541,"loc":{"start":{"line":541,"column":34},"end":{"line":541,"column":61}},"locations":[{"start":{"line":541,"column":34},"end":{"line":541,"column":61}}]},"51":{"type":"branch","line":542,"loc":{"start":{"line":542,"column":18},"end":{"line":542,"column":46}},"locations":[{"start":{"line":542,"column":18},"end":{"line":542,"column":46}}]},"52":{"type":"branch","line":546,"loc":{"start":{"line":546,"column":35},"end":{"line":552,"column":8}},"locations":[{"start":{"line":546,"column":35},"end":{"line":552,"column":8}}]},"53":{"type":"branch","line":550,"loc":{"start":{"line":550,"column":44},"end":{"line":550,"column":71}},"locations":[{"start":{"line":550,"column":44},"end":{"line":550,"column":71}}]},"54":{"type":"branch","line":586,"loc":{"start":{"line":586,"column":31},"end":{"line":586,"column":90}},"locations":[{"start":{"line":586,"column":31},"end":{"line":586,"column":90}}]},"55":{"type":"branch","line":596,"loc":{"start":{"line":596,"column":34},"end":{"line":596,"column":60}},"locations":[{"start":{"line":596,"column":34},"end":{"line":596,"column":60}}]},"56":{"type":"branch","line":602,"loc":{"start":{"line":602,"column":32},"end":{"line":606,"column":19}},"locations":[{"start":{"line":602,"column":32},"end":{"line":606,"column":19}}]},"57":{"type":"branch","line":605,"loc":{"start":{"line":605,"column":25},"end":{"line":605,"column":43}},"locations":[{"start":{"line":605,"column":25},"end":{"line":605,"column":43}}]},"58":{"type":"branch","line":605,"loc":{"start":{"line":605,"column":37},"end":{"line":605,"column":56}},"locations":[{"start":{"line":605,"column":37},"end":{"line":605,"column":56}}]},"59":{"type":"branch","line":612,"loc":{"start":{"line":612,"column":34},"end":{"line":612,"column":65}},"locations":[{"start":{"line":612,"column":34},"end":{"line":612,"column":65}}]},"60":{"type":"branch","line":621,"loc":{"start":{"line":621,"column":21},"end":{"line":621,"column":47}},"locations":[{"start":{"line":621,"column":21},"end":{"line":621,"column":47}}]},"61":{"type":"branch","line":628,"loc":{"start":{"line":628,"column":21},"end":{"line":628,"column":46}},"locations":[{"start":{"line":628,"column":21},"end":{"line":628,"column":46}}]},"62":{"type":"branch","line":636,"loc":{"start":{"line":636,"column":21},"end":{"line":636,"column":46}},"locations":[{"start":{"line":636,"column":21},"end":{"line":636,"column":46}}]},"63":{"type":"branch","line":643,"loc":{"start":{"line":643,"column":21},"end":{"line":643,"column":46}},"locations":[{"start":{"line":643,"column":21},"end":{"line":643,"column":46}}]}},"b":{"0":[34],"1":[11],"2":[1],"3":[10],"4":[3],"5":[1],"6":[1],"7":[0],"8":[3],"9":[7],"10":[0],"11":[0],"12":[0],"13":[6],"14":[1],"15":[3],"16":[11],"17":[9],"18":[2],"19":[0],"20":[11],"21":[29],"22":[22],"23":[26],"24":[4],"25":[3],"26":[3],"27":[29],"28":[22],"29":[25],"30":[25],"31":[2],"32":[0],"33":[0],"34":[2],"35":[0],"36":[20],"37":[17],"38":[3],"39":[20],"40":[17],"41":[12],"42":[0],"43":[12],"44":[0],"45":[3],"46":[3],"47":[4],"48":[0],"49":[12],"50":[9],"51":[6],"52":[3],"53":[0],"54":[29],"55":[29],"56":[6],"57":[1],"58":[5],"59":[29],"60":[1],"61":[1],"62":[1],"63":[1]},"fnMap":{"0":{"name":"generateRandomColor","decl":{"start":{"line":19,"column":28},"end":{"line":22,"column":2}},"loc":{"start":{"line":19,"column":28},"end":{"line":22,"column":2}},"line":19},"1":{"name":"BlockCard","decl":{"start":{"line":24,"column":44},"end":{"line":655,"column":2}},"loc":{"start":{"line":24,"column":44},"end":{"line":655,"column":2}},"line":24},"2":{"name":"onClick","decl":{"start":{"line":621,"column":21},"end":{"line":621,"column":47}},"loc":{"start":{"line":621,"column":21},"end":{"line":621,"column":47}},"line":621},"3":{"name":"onClick","decl":{"start":{"line":628,"column":21},"end":{"line":628,"column":46}},"loc":{"start":{"line":628,"column":21},"end":{"line":628,"column":46}},"line":628},"4":{"name":"onClick","decl":{"start":{"line":636,"column":21},"end":{"line":636,"column":46}},"loc":{"start":{"line":636,"column":21},"end":{"line":636,"column":46}},"line":636},"5":{"name":"onClick","decl":{"start":{"line":643,"column":21},"end":{"line":643,"column":46}},"loc":{"start":{"line":643,"column":21},"end":{"line":643,"column":46}},"line":643}},"f":{"0":34,"1":11,"2":1,"3":1,"4":1,"5":1}}
[...]
umn":44}},"230":{"start":{"line":231,"column":0},"end":{"line":231,"column":43}},"231":{"start":{"line":232,"column":0},"end":{"line":232,"column":4}},"232":{"start":{"line":233,"column":0},"end":{"line":233,"column":20}},"233":{"start":{"line":234,"column":0},"end":{"line":234,"column":17}},"234":{"start":{"line":235,"column":0},"end":{"line":235,"column":23}},"235":{"start":{"line":236,"column":0},"end":{"line":236,"column":19}},"236":{"start":{"line":237,"column":0},"end":{"line":237,"column":60}},"237":{"start":{"line":238,"column":0},"end":{"line":238,"column":59}},"238":{"start":{"line":239,"column":0},"end":{"line":239,"column":4}},"239":{"start":{"line":240,"column":0},"end":{"line":240,"column":22}},"240":{"start":{"line":241,"column":0},"end":{"line":241,"column":52}},"241":{"start":{"line":242,"column":0},"end":{"line":242,"column":17}},"242":{"start":{"line":243,"column":0},"end":{"line":243,"column":2}},"244":{"start":{"line":245,"column":0},"end":{"line":245,"column":32}},"245":{"start":{"line":246,"column":0},"end":{"line":246,"column":46}},"246":{"start":{"line":247,"column":0},"end":{"line":247,"column":45}},"247":{"start":{"line":248,"column":0},"end":{"line":248,"column":2}},"249":{"start":{"line":250,"column":0},"end":{"line":250,"column":32}},"250":{"start":{"line":251,"column":0},"end":{"line":251,"column":75}},"251":{"start":{"line":252,"column":0},"end":{"line":252,"column":2}},"253":{"start":{"line":254,"column":0},"end":{"line":254,"column":34}},"254":{"start":{"line":255,"column":0},"end":{"line":255,"column":9}},"255":{"start":{"line":256,"column":0},"end":{"line":256,"column":20}},"256":{"start":{"line":257,"column":0},"end":{"line":257,"column":22}},"257":{"start":{"line":258,"column":0},"end":{"line":258,"column":16}},"258":{"start":{"line":259,"column":0},"end":{"line":259,"column":4}},"259":{"start":{"line":260,"column":0},"end":{"line":260,"column":9}},"260":{"start":{"line":261,"column":0},"end":{"line":261,"column":20}},"261":{"start":{"line":262,"column":0},"end":{"line":262,"column":22}},"262":{"start":{"line":263,"column":0},"end":{"line":263,"column":16}},"263":{"start":{"line":264,"column":0},"end":{"line":264,"column":3}},"264":{"start":{"line":265,"column":0},"end":{"line":265,"column":2}}},"s":{"2":1,"3":1,"4":1,"5":1,"6":1,"7":1,"8":1,"9":1,"10":1,"11":1,"12":1,"13":1,"14":1,"15":1,"16":1,"17":1,"18":1,"19":1,"20":1,"21":1,"22":1,"23":1,"24":1,"25":1,"26":1,"27":1,"28":1,"29":1,"30":1,"31":1,"32":1,"33":1,"34":1,"35":1,"36":1,"37":1,"38":1,"39":1,"40":1,"41":1,"42":1,"44":1,"45":1,"46":1,"47":1,"48":1,"49":1,"50":1,"51":1,"52":1,"53":1,"54":1,"55":1,"56":1,"57":1,"58":1,"59":1,"60":1,"61":1,"62":1,"63":1,"64":1,"65":1,"66":1,"67":1,"68":1,"69":1,"70":1,"71":1,"72":1,"73":1,"74":1,"75":1,"76":1,"77":1,"78":1,"79":1,"80":1,"81":1,"82":1,"83":1,"84":1,"87":1,"88":1,"89":1,"90":1,"91":1,"92":1,"93":1,"94":1,"95":1,"96":1,"97":1,"98":1,"99":1,"100":1,"101":1,"102":1,"103":1,"104":1,"105":1,"106":1,"107":1,"108":1,"109":1,"110":1,"111":1,"112":1,"113":1,"114":1,"117":1,"118":1,"119":1,"120":1,"121":1,"122":1,"123":1,"124":1,"125":1,"126":1,"127":1,"128":1,"129":1,"130":1,"131":1,"132":1,"133":1,"134":1,"135":1,"136":1,"137":1,"138":1,"139":1,"140":1,"141":1,"142":1,"143":1,"144":1,"146":1,"147":1,"148":1,"149":1,"150":1,"151":1,"152":1,"153":1,"154":1,"155":1,"156":1,"157":1,"158":1,"159":1,"160":1,"161":1,"162":1,"163":1,"164":1,"165":1,"166":1,"167":1,"168":1,"169":1,"170":1,"171":1,"172":1,"173":1,"174":1,"175":1,"176":1,"179":1,"180":1,"181":1,"182":1,"183":1,"184":1,"185":1,"186":1,"187":1,"188":1,"189":1,"190":1,"191":1,"192":1,"193":1,"194":1,"195":1,"196":1,"197":1,"198":1,"199":1,"200":1,"201":1,"202":1,"203":1,"204":1,"205":1,"206":1,"207":1,"208":1,"209":1,"212":1,"213":1,"214":1,"215":1,"216":1,"217":1,"218":1,"219":1,"220":1,"221":1,"222":1,"223":1,"224":1,"225":1,"226":1,"227":1,"228":1,"229":1,"230":1,"231":1,"232":1,"233":1,"234":1,"235":1,"236":1,"237":1,"238":1,"239":1,"240":1,"241":1,"242":1,"244":1,"245":1,"246":1,"247":1,"249":1,"250":1,"251":1,"253":1,"254":1,"255":1,"256":1,"257":1,"258":1,"259":1,"260":1,"261":1,"262":1,"263":1,"264":1},"branchMap":{},"b":{},"fnMap":{},"f":{}}
,"/Users/jeff/src/Sankey_block_explorer/src/utils/colorUtils.ts": {"path":"/Users/jeff/src/Sankey_block_explorer/src/utils/colorUtils.ts","all":false,"statementMap":{"5":{"start":{"line":6,"column":0},"end":{"line":6,"column":86}},"6":{"start":{"line":7,"column":0},"end":{"line":7,"column":71}},"7":{"start":{"line":8,"column":0},"end":{"line":8,"column":15}},"8":{"start":{"line":9,"column":0},"end":{"line":9,"column":7}},"9":{"start":{"line":10,"column":0},"end":{"line":10,"column":35}},"10":{"start":{"line":11,"column":0},"end":{"line":11,"column":35}},"11":{"start":{"line":12,"column":0},"end":{"line":12,"column":35}},"12":{"start":{"line":13,"column":0},"end":{"line":13,"column":7}},"13":{"start":{"line":14,"column":0},"end":{"line":14,"column":11}},"14":{"start":{"line":15,"column":0},"end":{"line":15,"column":2}},"23":{"start":{"line":24,"column":0},"end":{"line":24,"column":70}},"24":{"start":{"line":25,"column":0},"end":{"line":25,"column":76}},"25":{"start":{"line":26,"column":0},"end":{"line":26,"column":2}},"34":{"start":{"line":35,"column":0},"end":{"line":35,"column":33}},"35":{"start":{"line":36,"column":0},"end":{"line":36,"column":21}},"36":{"start":{"line":37,"column":0},"end":{"line":37,"column":19}},"37":{"start":{"line":38,"column":0},"end":{"line":38,"column":15}},"38":{"start":{"line":39,"column":0},"end":{"line":39,"column":16}},"39":{"start":{"line":40,"column":0},"end":{"line":40,"column":37}},"40":{"start":{"line":41,"column":0},"end":{"line":41,"column":33}},"42":{"start":{"line":43,"column":0},"end":{"line":43,"column":32}},"44":{"start":{"line":45,"column":0},"end":{"line":45,"column":32}},"46":{"start":{"line":47,"column":0},"end":{"line":47,"column":35}},"47":{"start":{"line":48,"column":0},"end":{"line":48,"column":34}},"48":{"start":{"line":49,"column":0},"end":{"line":49,"column":62}},"49":{"start":{"line":50,"column":0},"end":{"line":50,"column":62}},"50":{"start":{"line":51,"column":0},"end":{"line":51,"column":62}},"52":{"start":{"line":53,"column":0},"end":{"line":53,"column":37}},"53":{"start":{"line":54,"column":0},"end":{"line":54,"column":3}},"55":{"start":{"line":56,"column":0},"end":{"line":56,"column":18}},"56":{"start":{"line":57,"column":0},"end":{"line":57,"column":2}},"62":{"start":{"line":63,"column":0},"end":{"line":63,"column":50}},"63":{"start":{"line":64,"column":0},"end":{"line":64,"column":82}},"64":{"start":{"line":65,"column":0},"end":{"line":65,"column":2}},"72":{"start":{"line":73,"column":0},"end":{"line":73,"column":75}},"73":{"start":{"line":74,"column":0},"end":{"line":74,"column":28}},"74":{"start":{"line":75,"column":0},"end":{"line":75,"column":23}},"76":{"start":{"line":77,"column":0},"end":{"line":77,"column":26}},"77":{"start":{"line":78,"column":0},"end":{"line":78,"column":35}},"79":{"start":{"line":80,"column":0},"end":{"line":80,"column":71}},"80":{"start":{"line":81,"column":0},"end":{"line":81,"column":71}},"81":{"start":{"line":82,"column":0},"end":{"line":82,"column":71}},"83":{"start":{"line":84,"column":0},"end":{"line":84,"column":51}},"84":{"start":{"line":85,"column":0},"end":{"line":85,"column":2}}},"s":{"5":1,"6":22,"7":22,"8":17,"9":17,"10":17,"11":17,"12":17,"13":5,"14":22,"23":1,"24":20,"25":20,"34":1,"35":3,"36":3,"37":3,"38":3,"39":3,"40":3,"42":3,"44":2,"46":3,"47":6,"48":6,"49":6,"50":6,"52":6,"53":6,"55":2,"56":2,"62":1,"63":11,"64":11,"72":1,"73":7,"74":7,"76":6,"77":6,"79":6,"80":6,"81":6,"83":6,"84":6},"branchMap":{"0":{"type":"branch","line":6,"loc":{"start":{"line":6,"column":24},"end":{"line":15,"column":2}},"locations":[{"start":{"line":6,"column":24},"end":{"line":15,"column":2}}]},"1":{"type":"branch","line":8,"loc":{"start":{"line":8,"column":9},"end":{"line":13,"column":7}},"locations":[{"start":{"line":8,"column":9},"end":{"line":13,"column":7}}]},"2":{"type":"branch","line":13,"loc":{"start":{"line":13,"column":6},"end":{"line":14,"column":11}},"locations":[{"start":{"line":13,"column":6},"end":{"line":14,"column":11}}]},"3":{"type":"branch","line":24,"loc":{"start":{"line":24,"column":24},"end":{"line":26,"column":2}},"locations":[{"start":{"line":24,"column":24},"end":{"line":26,"column":2}}]},"4":{"type":"branch","line":35,"loc":{"start":{"line":35,"column":32},"end":{"line":57,"column":2}},"locations":[{"start":{"line":35,"column":32},"end":{"line":57,"column":2}}]},"5":{"type":"branch","line":43,"loc":{"start":{"line":43,"column":7},"end":{"line":43,"column":22}},"locations":[{"start":{"line":43,"column":7},"end":{"line":43,"column":22}}]},"6":{"type":"branch","line":43,"loc":{"start":{"line":43,"column":22},"end":{"line":43,"column":32}},"locations":[{"start":{"line":43,"column":22},"end":{"line":43,"column":32}}]},"7":{"type":"branch","line":43,"loc":{"start":{"line":43,"column":30},"end":{"line":47,"column":34}},"locations":[{"start":{"line":43,"column":30},"end":{"line":47,"column":34}}]},"8":{"type":"branch","line":47,"loc":{"start":{"line":47,"column":34},"end":{"line":54,"column":3}},"locations":[{"start":{"line":47,"column":34},"end":{"line":54,"column":3}}]},"9":{"type":"branch","line":54,"loc":{"start":{"line":54,"column":2},"end":{"line":57,"column":2}},"locations":[{"start":{"line":54,"column":2},"end":{"line":57,"column":2}}]},"10":{"type":"branch","line":63,"loc":{"start":{"line":63,"column":35},"end":{"line":65,"column":2}},"locations":[{"start":{"line":63,"column":35},"end":{"line":65,"column":2}}]},"11":{"type":"branch","line":73,"loc":{"start":{"line":73,"column":32},"end":{"line":85,"column":2}},"locations":[{"start":{"line":73,"column":32},"end":{"line":85,"column":2}}]},"12":{"type":"branch","line":75,"loc":{"start":{"line":75,"column":12},"end":{"line":75,"column":23}},"locations":[{"start":{"line":75,"column":12},"end":{"line":75,"column":23}}]},"13":{"type":"branch","line":75,"loc":{"start":{"line":75,"column":19},"end":{"line":85,"column":2}},"locations":[{"start":{"line":75,"column":19},"end":{"line":85,"column":2}}]}},"b":{"0":[22],"1":[17],"2":[5],"3":[20],"4":[3],"5":[2],"6":[1],"7":[2],"8":[6],"9":[2],"10":[11],"11":[7],"12":[1],"13":[6]},"fnMap":{"0":{"name":"hexToRgb","decl":{"start":{"line":6,"column":24},"end":{"line":15,"column":2}},"loc":{"start":{"line":6,"column":24},"end":{"line":15,"column":2}},"line":6},"1":{"name":"rgbToHex","decl":{"start":{"line":24,"column":24},"end":{"line":26,"column":2}},"loc":{"start":{"line":24,"column":24},"end":{"line":26,"column":2}},"line":24},"2":{"name":"generateGradient","decl":{"start":{"line":35,"column":32},"end":{"line":57,"column":2}},"loc":{"start":{"line":35,"column":32},"end":{"line":57,"column":2}},"line":35},"3":{"name":"generateRandomColor","decl":{"start":{"line":63,"column":35},"end":{"line":65,"column":2}},"loc":{"start":{"line":63,"column":35},"end":{"line":65,"column":2}},"line":63},"4":{"name":"adjustBrightness","decl":{"start":{"line":73,"column":32},"end":{"line":85,"column":2}},"loc":{"start":{"line":73,"column":32},"end":{"line":85,"column":2}},"line":73}},"f":{"0":22,"1":20,"2":3,"3":11,"4":7}}
,"/Users/jeff/src/Sankey_block_explorer/src/utils/dataFormatters.ts": {"path":"/Users/jeff/src/Sankey_block_explorer/src/utils/dataFormatters.ts","all":false,"statementMap":{"6":{"start":{"line":7,"column":0},"end":{"line":7,"column":71}},"7":{"start":{"line":8,"column":0},"end":{"line":8,"column":31}},"9":{"start":{"line":10,"column":0},"end":{"line":10,"column":17}},"10":{"start":{"line":11,"column":0},"end":{"line":11,"column":41}},"12":{"start":{"line":13,"column":0},"end":{"line":13,"column":65}},"13":{"start":{"line":14,"column":0},"end":{"line":14,"column":57}},"15":{"start":{"line":16,"column":0},"end":{"line":16,"column":106}},"16":{"start":{"line":17,"column":0},"end":{"line":17,"column":2}},"24":{"start":{"line":25,"column":0},"end":{"line":25,"column":27}},"25":{"start":{"line":26,"column":0},"end":{"line":26,"column":20}},"26":{"start":{"line":27,"column":0},"end":{"line":27,"column":56}},"27":{"start":{"line":28,"column":0},"end":{"line":28,"column":14}},"28":{"start":{"line":29,"column":0},"end":{"line":29,"column":35}},"30":{"start":{"line":31,"column":0},"end":{"line":31,"column":30}},"31":{"start":{"line":32,"column":0},"end":{"line":32,"column":27}},"32":{"start":{"line":33,"column":0},"end":{"line":33,"column":78}},"34":{"start":{"line":35,"column":0},"end":{"line":35,"column":66}},"35":{"start":{"line":36,"column":0},"end":{"line":36,"column":85}},"36":{"start":{"line":37,"column":0},"end":{"line":37,"column":86}},"37":{"start":{"line":38,"column":0},"end":{"line":38,"column":88}},"38":{"start":{"line":39,"column":0},"end":{"line":39,"column":93}},"39":{"start":{"line":40,"column":0},"end":{"line":40,"column":63}},"40":{"start":{"line":41,"column":0},"end":{"line":41,"column":3}},"42":{"start":{"line":43,"column":0},"end":{"line":43,"column":26}},"43":{"start":{"line":44,"column":0},"end":{"line":44,"column":37}},"44":{"start":{"line":45,"column":0},"end":{"line":45,"column":3}},"46":{"start":{"line":47,"column":0},"end":{"line":47,"column":26}},"47":{"start":{"line":48,"column":0},"end":{"line":48,"column":37}},"48":{"start":{"line":49,"column":0},"end":{"line":49,"column":3}},"50":{"start":{"line":51,"column":0},"end":{"line":51,"column":31}},"51":{"start":{"line":52,"column":0},"end":{"line":52,"column":2}},"59":{"start":{"line":60,"column":0},"end":{"line":60,"column":75}},"60":{"start":{"line":61,"column":0},"end":{"line":61,"column":42}},"62":{"start":{"line":63,"column":0},"end":{"line":63,"column":49}},"63":{"start":{"line":64,"column":0},"end":{"line":64,"column":2}},"72":{"start":{"line":73,"column":0},"end":{"line":73,"column":30}},"73":{"start":{"line":74,"column":0},"end":{"line":74,"column":18}},"74":{"start":{"line":75,"column":0},"end":{"line":75,"column":19}},"75":{"start":{"line":76,"column":0},"end":{"line":76,"column":18}},"76":{"start":{"line":77,"column":0},"end":{"line":77,"column":14}},"77":{"start":{"line":78,"column":0},"end":{"line":78,"column":26}},"78":{"start":{"line":79,"column":0},"end":{"line":79,"column":68}},"80":{"start":{"line":81,"column":0},"end":{"line":81,"column":103}},"81":{"start":{"line":82,"column":0},"end":{"line":82,"column":2}}},"s":{"6":1,"7":16,"9":15,"10":15,"12":15,"13":16,"15":15,"16":15,"24":1,"25":6,"26":6,"27":6,"28":6,"30":6,"31":3,"32":3,"34":3,"35":3,"36":3,"37":3,"38":3,"39":1,"40":1,"42":6,"43":1,"44":1,"46":6,"47":1,"48":1,"50":1,"51":1,"59":1,"60":5,"62":2,"63":2,"72":1,"73":5,"74":5,"75":5,"76":5,"77":5,"78":5,"80":3,"81":3},"branchMap":{"0":{"type":"branch","line":7,"loc":{"start":{"line":7,"column":28},"end":{"line":17,"column":2}},"locations":[{"start":{"line":7,"column":28},"end":{"line":17,"column":2}}]},"1":{"type":"branch","line":8,"loc":{"start":{"line":8,"column":20},"end":{"line":8,"column":31}},"locations":[{"start":{"line":8,"column":20},"end":{"line":8,"column":31}}]},"2":{"type":"branch","line":8,"loc":{"start":{"line":8,"column":27},"end":{"line":14,"column":32}},"locations":[{"start":{"line":8,"column":27},"end":{"line":14,"column":32}}]},"3":{"type":"branch","line":14,"loc":{"start":{"line":14,"column":25},"end":{"line":14,"column":57}},"locations":[{"start":{"line":14,"column":25},"end":{"line":14,"column":57}}]},"4":{"type":"branch","line":14,"loc":{"start":{"line":14,"column":55},"end":{"line":17,"column":2}},"locations":[{"start":{"line":14,"column":55},"end":{"line":17,"column":2}}]},"5":{"type":"branch","line":25,"loc":{"start":{"line":25,"column":26},"end":{"line":52,"column":2}},"locations":[{"start":{"line":25,"column":26},"end":{"line":52,"column":2}}]},"6":{"type":"branch","line":31,"loc":{"start":{"line":31,"column":29},"end":{"line":43,"column":25}},"locations":[{"start":{"line":31,"column":29},"end":{"line":43,"column":25}}]},"7":{"type":"branch","line":35,"loc":{"start":{"line":35,"column":28},"end":{"line":35,"column":66}},"locations":[{"start":{"line":35,"column":28},"end":{"line":35,"column":66}}]},"8":{"type":"branch","line":36,"loc":{"start":{"line":36,"column":30},"end":{"line":36,"column":85}},"locations":[{"start":{"line":36,"column":30},"end":{"line":36,"column":85}}]},"9":{"type":"branch","line":37,"loc":{"start":{"line":37,"column":31},"end":{"line":37,"column":86}},"locations":[{"start":{"line":37,"column":31},"end":{"line":37,"column":86}}]},"10":{"type":"branch","line":38,"loc":{"start":{"line":38,"column":33},"end":{"line":38,"column":88}},"locations":[{"start":{"line":38,"column":33},"end":{"line":38,"column":88}}]},"11":{"type":"branch","line":39,"loc":{"start":{"line":39,"column":34},"end":{"line":39,"column":93}},"locations":[{"start":{"line":39,"column":34},"end":{"line":39,"column":93}}]},"12":{"type":"branch","line":39,"loc":{"start":{"line":39,"column":79},"end":{"line":41,"column":3}},"locations":[{"start":{"line":39,"column":79},"end":{"line":41,"column":3}}]},"13":{"type":"branch","line":43,"loc":{"start":{"line":43,"column":25},"end":{"line":45,"column":3}},"locations":[{"start":{"line":43,"column":25},"end":{"line":45,"column":3}}]},"14":{"type":"branch","line":45,"loc":{"start":{"line":45,"column":2},"end":{"line":47,"column":25}},"locations":[{"start":{"line":45,"column":2},"end":{"line":47,"column":25}}]},"15":{"type":"branch","line":47,"loc":{"start":{"line":47,"column":25},"end":{"line":52,"column":2}},"locations":[{"start":{"line":47,"column":25},"end":{"line":52,"column":2}}]},"16":{"type":"branch","line":60,"loc":{"start":{"line":60,"column":30},"end":{"line":64,"column":2}},"locations":[{"start":{"line":60,"column":30},"end":{"line":64,"column":2}}]},"17":{"type":"branch","line":61,"loc":{"start":{"line":61,"column":31},"end":{"line":61,"column":42}},"locations":[{"start":{"line":61,"column":31},"end":{"line":61,"column":42}}]},"18":{"type":"branch","line":61,"loc":{"start":{"line":61,"column":38},"end":{"line":64,"column":2}},"locations":[{"start":{"line":61,"column":38},"end":{"line":64,"column":2}}]},"19":{"type":"branch","line":73,"loc":{"start":{"line":73,"column":29},"end":{"line":82,"column":2}},"locations":[{"start":{"line":73,"column":29},"end":{"line":82,"column":2}}]},"20":{"type":"branch","line":78,"loc":{"start":{"line":78,"column":16},"end":{"line":78,"column":26}},"locations":[{"start":{"line":78,"column":16},"end":{"line":78,"column":26}}]},"21":{"type":"branch","line":78,"loc":{"start":{"line":78,"column":23},"end":{"line":79,"column":60}},"locations":[{"start":{"line":78,"column":23},"end":{"line":79,"column":60}}]},"22":{"type":"branch","line":79,"loc":{"start":{"line":79,"column":53},"end":{"line":79,"column":68}},"locations":[{"start":{"line":79,"column":53},"end":{"line":79,"column":68}}]},"23":{"type":"branch","line":79,"loc":{"start":{"line":79,"column":60},"end":{"line":82,"column":2}},"locations":[{"start":{"line":79,"column":60},"end":{"line":82,"column":2}}]}},"b":{"0":[16],"1":[1],"2":[15],"3":[0],"4":[15],"5":[6],"6":[3],"7":[0],"8":[0],"9":[0],"10":[0],"11":[2],"12":[1],"13":[1],"14":[2],"15":[1],"16":[5],"17":[3],"18":[2],"19":[5],"20":[1],"21":[4],"22":[1],"23":[3]},"fnMap":{"0":{"name":"formatNumber","decl":{"start":{"line":7,"column":28},"end":{"line":17,"column":2}},"loc":{"start":{"line":7,"column":28},"end":{"line":17,"column":2}},"line":7},"1":{"name":"formatDate","decl":{"start":{"line":25,"column":26},"end":{"line":52,"column":2}},"loc":{"start":{"line":25,"column":26},"end":{"line":52,"column":2}},"line":25},"2":{"name":"truncateString","decl":{"start":{"line":60,"column":30},"end":{"line":64,"column":2}},"loc":{"start":{"line":60,"column":30},"end":{"line":64,"column":2}},"line":60},"3":{"name":"formatAddress","decl":{"start":{"line":73,"column":29},"end":{"line":82,"column":2}},"loc":{"start":{"line":73,"column":29},"end":{"line":82,"column":2}},"line":73}},"f":{"0":16,"1":6,"2":5,"3":5}}
}
